#
# There is insufficient memory for the Java Runtime Environment to continue.
# Native memory allocation (malloc) failed to allocate 388176 bytes for Chunk::new
# Possible reasons:
#   The system is out of physical RAM or swap space
#   The process is running with CompressedOops enabled, and the Java Heap may be blocking the growth of the native heap
# Possible solutions:
#   Reduce memory load on the system
#   Increase physical memory or swap space
#   Check if swap backing store is full
#   Decrease Java heap size (-Xmx/-Xms)
#   Decrease number of Java threads
#   Decrease Java thread stack sizes (-Xss)
#   Set larger code cache with -XX:ReservedCodeCacheSize=
#   JVM is running with Unscaled Compressed Oops mode in which the Java heap is
#     placed in the first 4GB address space. The Java Heap base address is the
#     maximum limit for the native heap growth. Please use -XX:HeapBaseMinAddress
#     to set the Java Heap base and to place the Java Heap above 4GB virtual address.
# This output file may be truncated or incomplete.
#
#  Out of Memory Error (arena.cpp:184), pid=11912, tid=6372
#
# JRE version: Java(TM) SE Runtime Environment (19.0.2+7) (build 19.0.2+7-44)
# Java VM: Java HotSpot(TM) 64-Bit Server VM (19.0.2+7-44, mixed mode, sharing, tiered, compressed oops, compressed class ptrs, g1 gc, windows-amd64)
# No core dump will be written. Minidumps are not enabled by default on client versions of Windows
#

---------------  S U M M A R Y ------------

Command Line: --add-opens=java.base/java.util=ALL-UNNAMED --add-opens=java.base/java.lang=ALL-UNNAMED --add-opens=java.base/java.lang.invoke=ALL-UNNAMED --add-opens=java.prefs/java.util.prefs=ALL-UNNAMED --add-opens=java.base/java.nio.charset=ALL-UNNAMED --add-opens=java.base/java.net=ALL-UNNAMED --add-opens=java.base/java.util.concurrent.atomic=ALL-UNNAMED -XX:MaxMetaspaceSize=384m -XX:+HeapDumpOnOutOfMemoryError -Xms256m -Xmx512m -Dfile.encoding=x-windows-949 -Duser.country=KR -Duser.language=ko -Duser.variant -javaagent:C:\Users\user\.gradle\wrapper\dists\gradle-8.2.1-bin\5hap6b9n41hkg4jeh2au2pllh\gradle-8.2.1\lib\agents\gradle-instrumentation-agent-8.2.1.jar org.gradle.launcher.daemon.bootstrap.GradleDaemon 8.2.1

Host: Intel(R) Core(TM) i5-6200U CPU @ 2.30GHz, 4 cores, 7G,  Windows 10 , 64 bit Build 19041 (10.0.19041.3570)
Time: Wed Oct 18 12:53:20 2023  Windows 10 , 64 bit Build 19041 (10.0.19041.3570) elapsed time: 3895.621269 seconds (0d 1h 4m 55s)

---------------  T H R E A D  ---------------

Current thread (0x000001e8aef89b10):  JavaThread "C2 CompilerThread0" daemon [_thread_in_native, id=6372, stack(0x0000001a1f000000,0x0000001a1f100000)]


Current CompileTask:
C2:3895622 10692 % !   4       org.gradle.launcher.daemon.server.exec.LogToClient$AsynchronousLogDispatcher::run @ 0 (62 bytes)

Stack: [0x0000001a1f000000,0x0000001a1f100000]
Native frames: (J=compiled Java code, j=interpreted, Vv=VM code, C=native code)
V  [jvm.dll+0x6ee21a]
V  [jvm.dll+0x85765e]
V  [jvm.dll+0x85904e]
V  [jvm.dll+0x859703]
V  [jvm.dll+0x28298f]
V  [jvm.dll+0xc9adf]
V  [jvm.dll+0xc9e65]
V  [jvm.dll+0x3bca12]
V  [jvm.dll+0x3860e1]
V  [jvm.dll+0x38555a]
V  [jvm.dll+0x24c3d9]
V  [jvm.dll+0x24b781]
V  [jvm.dll+0x1d6ce1]
V  [jvm.dll+0x25b25a]
V  [jvm.dll+0x2596e8]
V  [jvm.dll+0x807588]
V  [jvm.dll+0x80125a]
V  [jvm.dll+0x6ecf0b]
C  [ucrtbase.dll+0x21bb2]
C  [KERNEL32.DLL+0x17344]
C  [ntdll.dll+0x526b1]


---------------  P R O C E S S  ---------------

Threads class SMR info:
_java_thread_list=0x000001e8b5e57600, length=90, elements={
0x000001e8948027c0, 0x000001e8aef72c40, 0x000001e8aef73770, 0x000001e8aef79c00,
0x000001e8aef7c540, 0x000001e8aef7e620, 0x000001e8aef83cf0, 0x000001e8aef89b10,
0x000001e8b3021880, 0x000001e8aef85cd0, 0x000001e8aef85230, 0x000001e8aef84ce0,
0x000001e8aef84240, 0x000001e8aef85780, 0x000001e8aef86220, 0x000001e8aef84790,
0x000001e8aef86770, 0x000001e8aef86cc0, 0x000001e8aef837a0, 0x000001e8b4719050,
0x000001e8b471b580, 0x000001e8b471bad0, 0x000001e8b4717070, 0x000001e8b4718b00,
0x000001e8b47195a0, 0x000001e8b471a040, 0x000001e8b47185b0, 0x000001e8b471aae0,
0x000001e8b471a590, 0x000001e8b47140a0, 0x000001e8b471b030, 0x000001e8b47145f0,
0x000001e8b47175c0, 0x000001e8b4716b20, 0x000001e8b4717b10, 0x000001e8b4715090,
0x000001e8b47155e0, 0x000001e8b4715b30, 0x000001e8b4716080, 0x000001e8b47165d0,
0x000001e8b5182ac0, 0x000001e8b5182020, 0x000001e8b5181030, 0x000001e8b5182570,
0x000001e8b5180590, 0x000001e8b5183010, 0x000001e8b5181580, 0x000001e8b5180040,
0x000001e8b5181ad0, 0x000001e8b5180ae0, 0x000001e8b6a71020, 0x000001e8b6a6e050,
0x000001e8b6a6a090, 0x000001e8b6a6f040, 0x000001e8b6a6f590, 0x000001e8b6a6d5b0,
0x000001e8b6a6d060, 0x000001e8b6a6fae0, 0x000001e8b6a71570, 0x000001e8b6a71ac0,
0x000001e8b6a70030, 0x000001e8b6a6db00, 0x000001e8b6a70580, 0x000001e8b6a70ad0,
0x000001e8b6a6a5e0, 0x000001e8b6a6ab30, 0x000001e8b6a6b080, 0x000001e8b6a6b5d0,
0x000001e8b6a6bb20, 0x000001e8b6a6e5a0, 0x000001e8b6a6c070, 0x000001e8b6a6c5c0,
0x000001e8b6a6cb10, 0x000001e8b6a6eaf0, 0x000001e8b64c9260, 0x000001e8b64ce210,
0x000001e8b64cacf0, 0x000001e8b64c97b0, 0x000001e8b64cf200, 0x000001e8b64cb240,
0x000001e8b64cecb0, 0x000001e8b64ca7a0, 0x000001e8b64c9d00, 0x000001e8b64d01f0,
0x000001e8b64ca250, 0x000001e8b64cb790, 0x000001e8b64cc230, 0x000001e8b64cbce0,
0x000001e8b64cccd0, 0x000001e8b64cd220
}

Java Threads: ( => current thread )
  0x000001e8948027c0 JavaThread "main" [_thread_blocked, id=4156, stack(0x0000001a1e300000,0x0000001a1e400000)]
  0x000001e8aef72c40 JavaThread "Reference Handler" daemon [_thread_blocked, id=15268, stack(0x0000001a1ea00000,0x0000001a1eb00000)]
  0x000001e8aef73770 JavaThread "Finalizer" daemon [_thread_blocked, id=18936, stack(0x0000001a1eb00000,0x0000001a1ec00000)]
  0x000001e8aef79c00 JavaThread "Signal Dispatcher" daemon [_thread_blocked, id=15888, stack(0x0000001a1ec00000,0x0000001a1ed00000)]
  0x000001e8aef7c540 JavaThread "Attach Listener" daemon [_thread_blocked, id=10060, stack(0x0000001a1ed00000,0x0000001a1ee00000)]
  0x000001e8aef7e620 JavaThread "Service Thread" daemon [_thread_blocked, id=12880, stack(0x0000001a1ee00000,0x0000001a1ef00000)]
  0x000001e8aef83cf0 JavaThread "Monitor Deflation Thread" daemon [_thread_blocked, id=18444, stack(0x0000001a1ef00000,0x0000001a1f000000)]
=>0x000001e8aef89b10 JavaThread "C2 CompilerThread0" daemon [_thread_in_native, id=6372, stack(0x0000001a1f000000,0x0000001a1f100000)]
  0x000001e8b3021880 JavaThread "C1 CompilerThread0" daemon [_thread_blocked, id=16432, stack(0x0000001a1f100000,0x0000001a1f200000)]
  0x000001e8aef85cd0 JavaThread "Sweeper thread" daemon [_thread_blocked, id=11952, stack(0x0000001a1f200000,0x0000001a1f300000)]
  0x000001e8aef85230 JavaThread "Common-Cleaner" daemon [_thread_blocked, id=11456, stack(0x0000001a1f300000,0x0000001a1f400000)]
  0x000001e8aef84ce0 JavaThread "Notification Thread" daemon [_thread_blocked, id=14164, stack(0x0000001a1f400000,0x0000001a1f500000)]
  0x000001e8aef84240 JavaThread "Daemon health stats" [_thread_blocked, id=8184, stack(0x0000001a1fa00000,0x0000001a1fb00000)]
  0x000001e8aef85780 JavaThread "Incoming local TCP Connector on port 63437" [_thread_in_native, id=14628, stack(0x0000001a1f600000,0x0000001a1f700000)]
  0x000001e8aef86220 JavaThread "Daemon periodic checks" [_thread_blocked, id=18012, stack(0x0000001a1fb00000,0x0000001a1fc00000)]
  0x000001e8aef84790 JavaThread "Daemon" [_thread_blocked, id=8608, stack(0x0000001a1fc00000,0x0000001a1fd00000)]
  0x000001e8aef86770 JavaThread "Handler for socket connection from /127.0.0.1:63437 to /127.0.0.1:63438" [_thread_in_native, id=18984, stack(0x0000001a1fd00000,0x0000001a1fe00000)]
  0x000001e8aef86cc0 JavaThread "Cancel handler" [_thread_blocked, id=16280, stack(0x0000001a1fe00000,0x0000001a1ff00000)]
  0x000001e8aef837a0 JavaThread "Daemon worker" [_thread_blocked, id=10980, stack(0x0000001a1ff00000,0x0000001a20000000)]
  0x000001e8b4719050 JavaThread "Asynchronous log dispatcher for DefaultDaemonConnection: socket connection from /127.0.0.1:63437 to /127.0.0.1:63438" [_thread_blocked, id=16300, stack(0x0000001a20000000,0x0000001a20100000)]
  0x000001e8b471b580 JavaThread "Stdin handler" [_thread_blocked, id=6436, stack(0x0000001a20100000,0x0000001a20200000)]
  0x000001e8b471bad0 JavaThread "Daemon client event forwarder" [_thread_blocked, id=10640, stack(0x0000001a20200000,0x0000001a20300000)]
  0x000001e8b4717070 JavaThread "Cache worker for journal cache (C:\Users\user\.gradle\caches\journal-1)" [_thread_blocked, id=16800, stack(0x0000001a20300000,0x0000001a20400000)]
  0x000001e8b4718b00 JavaThread "File lock request listener" [_thread_in_native, id=17444, stack(0x0000001a20400000,0x0000001a20500000)]
  0x000001e8b47195a0 JavaThread "Cache worker for file hash cache (C:\Users\user\.gradle\caches\8.2.1\fileHashes)" [_thread_blocked, id=18996, stack(0x0000001a20600000,0x0000001a20700000)]
  0x000001e8b471a040 JavaThread "File watcher server" daemon [_thread_in_native, id=17880, stack(0x0000001a20700000,0x0000001a20800000)]
  0x000001e8b47185b0 JavaThread "File watcher consumer" daemon [_thread_blocked, id=18932, stack(0x0000001a20800000,0x0000001a20900000)]
  0x000001e8b471aae0 JavaThread "Cache worker for checksums cache (C:\dz_groupware\backend\.gradle\8.2.1\checksums)" [_thread_blocked, id=4056, stack(0x0000001a20900000,0x0000001a20a00000)]
  0x000001e8b471a590 JavaThread "Cache worker for cache directory md-rule (C:\Users\user\.gradle\caches\8.2.1\md-rule)" [_thread_blocked, id=18100, stack(0x0000001a20a00000,0x0000001a20b00000)]
  0x000001e8b47140a0 JavaThread "Cache worker for file content cache (C:\Users\user\.gradle\caches\8.2.1\fileContent)" [_thread_blocked, id=13204, stack(0x0000001a20b00000,0x0000001a20c00000)]
  0x000001e8b471b030 JavaThread "Cache worker for file hash cache (C:\dz_groupware\backend\.gradle\8.2.1\fileHashes)" [_thread_blocked, id=16528, stack(0x0000001a20c00000,0x0000001a20d00000)]
  0x000001e8b47145f0 JavaThread "Cache worker for cache directory md-supplier (C:\Users\user\.gradle\caches\8.2.1\md-supplier)" [_thread_blocked, id=2988, stack(0x0000001a20d00000,0x0000001a20e00000)]
  0x000001e8b47175c0 JavaThread "Cache worker for execution history cache (C:\Users\user\.gradle\caches\8.2.1\executionHistory)" [_thread_blocked, id=3740, stack(0x0000001a20e00000,0x0000001a20f00000)]
  0x000001e8b4716b20 JavaThread "jar transforms" [_thread_blocked, id=12596, stack(0x0000001a20f00000,0x0000001a21000000)]
  0x000001e8b4717b10 JavaThread "jar transforms Thread 2" [_thread_blocked, id=5940, stack(0x0000001a21000000,0x0000001a21100000)]
  0x000001e8b4715090 JavaThread "jar transforms Thread 3" [_thread_blocked, id=8400, stack(0x0000001a21100000,0x0000001a21200000)]
  0x000001e8b47155e0 JavaThread "jar transforms Thread 4" [_thread_blocked, id=15464, stack(0x0000001a21200000,0x0000001a21300000)]
  0x000001e8b4715b30 JavaThread "Cache worker for dependencies-accessors (C:\dz_groupware\backend\.gradle\8.2.1\dependencies-accessors)" [_thread_blocked, id=12100, stack(0x0000001a21300000,0x0000001a21400000)]
  0x000001e8b4716080 JavaThread "Cache worker for Build Output Cleanup Cache (C:\dz_groupware\backend\.gradle\buildOutputCleanup)" [_thread_blocked, id=16784, stack(0x0000001a20500000,0x0000001a20600000)]
  0x000001e8b47165d0 JavaThread "Unconstrained build operations" [_thread_blocked, id=18684, stack(0x0000001a21600000,0x0000001a21700000)]
  0x000001e8b5182ac0 JavaThread "Unconstrained build operations Thread 2" [_thread_blocked, id=14132, stack(0x0000001a21700000,0x0000001a21800000)]
  0x000001e8b5182020 JavaThread "Unconstrained build operations Thread 3" [_thread_blocked, id=18308, stack(0x0000001a21800000,0x0000001a21900000)]
  0x000001e8b5181030 JavaThread "Memory manager" [_thread_blocked, id=7904, stack(0x0000001a21900000,0x0000001a21a00000)]
  0x000001e8b5182570 JavaThread "Exec process" [_thread_in_native, id=2728, stack(0x0000001a21a00000,0x0000001a21b00000)]
  0x000001e8b5180590 JavaThread "Exec process Thread 2" [_thread_in_native, id=10496, stack(0x0000001a21b00000,0x0000001a21c00000)]
  0x000001e8b5183010 JavaThread "Exec process Thread 3" [_thread_blocked, id=10656, stack(0x0000001a21c00000,0x0000001a21d00000)]
  0x000001e8b5181580 JavaThread "included builds" [_thread_blocked, id=15536, stack(0x0000001a21d00000,0x0000001a21e00000)]
  0x000001e8b5180040 JavaThread "Execution worker" [_thread_blocked, id=18716, stack(0x0000001a21e00000,0x0000001a21f00000)]
  0x000001e8b5181ad0 JavaThread "Execution worker Thread 2" [_thread_blocked, id=9664, stack(0x0000001a21f00000,0x0000001a22000000)]
  0x000001e8b5180ae0 JavaThread "Execution worker Thread 3" [_thread_blocked, id=16648, stack(0x0000001a22000000,0x0000001a22100000)]
  0x000001e8b6a71020 JavaThread "Cache worker for execution history cache (C:\dz_groupware\backend\.gradle\8.2.1\executionHistory)" [_thread_blocked, id=18712, stack(0x0000001a22100000,0x0000001a22200000)]
  0x000001e8b6a6e050 JavaThread "Unconstrained build operations Thread 4" [_thread_blocked, id=3408, stack(0x0000001a22200000,0x0000001a22300000)]
  0x000001e8b6a6a090 JavaThread "Unconstrained build operations Thread 5" [_thread_blocked, id=13428, stack(0x0000001a22300000,0x0000001a22400000)]
  0x000001e8b6a6f040 JavaThread "Unconstrained build operations Thread 6" [_thread_blocked, id=6792, stack(0x0000001a22400000,0x0000001a22500000)]
  0x000001e8b6a6f590 JavaThread "Unconstrained build operations Thread 7" [_thread_blocked, id=11700, stack(0x0000001a22500000,0x0000001a22600000)]
  0x000001e8b6a6d5b0 JavaThread "Unconstrained build operations Thread 8" [_thread_blocked, id=16656, stack(0x0000001a22600000,0x0000001a22700000)]
  0x000001e8b6a6d060 JavaThread "Unconstrained build operations Thread 9" [_thread_blocked, id=13276, stack(0x0000001a22700000,0x0000001a22800000)]
  0x000001e8b6a6fae0 JavaThread "Unconstrained build operations Thread 10" [_thread_blocked, id=8764, stack(0x0000001a22800000,0x0000001a22900000)]
  0x000001e8b6a71570 JavaThread "Unconstrained build operations Thread 11" [_thread_blocked, id=8520, stack(0x0000001a22900000,0x0000001a22a00000)]
  0x000001e8b6a71ac0 JavaThread "Unconstrained build operations Thread 12" [_thread_blocked, id=13592, stack(0x0000001a22a00000,0x0000001a22b00000)]
  0x000001e8b6a70030 JavaThread "Unconstrained build operations Thread 13" [_thread_blocked, id=13992, stack(0x0000001a22b00000,0x0000001a22c00000)]
  0x000001e8b6a6db00 JavaThread "Unconstrained build operations Thread 14" [_thread_blocked, id=3368, stack(0x0000001a22c00000,0x0000001a22d00000)]
  0x000001e8b6a70580 JavaThread "Unconstrained build operations Thread 15" [_thread_blocked, id=18468, stack(0x0000001a22d00000,0x0000001a22e00000)]
  0x000001e8b6a70ad0 JavaThread "Unconstrained build operations Thread 16" [_thread_blocked, id=12840, stack(0x0000001a22e00000,0x0000001a22f00000)]
  0x000001e8b6a6a5e0 JavaThread "Unconstrained build operations Thread 17" [_thread_blocked, id=12520, stack(0x0000001a22f00000,0x0000001a23000000)]
  0x000001e8b6a6ab30 JavaThread "Unconstrained build operations Thread 18" [_thread_blocked, id=17280, stack(0x0000001a23000000,0x0000001a23100000)]
  0x000001e8b6a6b080 JavaThread "Unconstrained build operations Thread 19" [_thread_blocked, id=13772, stack(0x0000001a23100000,0x0000001a23200000)]
  0x000001e8b6a6b5d0 JavaThread "Unconstrained build operations Thread 20" [_thread_blocked, id=10912, stack(0x0000001a23200000,0x0000001a23300000)]
  0x000001e8b6a6bb20 JavaThread "Unconstrained build operations Thread 21" [_thread_blocked, id=2672, stack(0x0000001a23300000,0x0000001a23400000)]
  0x000001e8b6a6e5a0 JavaThread "Unconstrained build operations Thread 22" [_thread_blocked, id=8624, stack(0x0000001a23400000,0x0000001a23500000)]
  0x000001e8b6a6c070 JavaThread "Unconstrained build operations Thread 23" [_thread_blocked, id=8048, stack(0x0000001a23500000,0x0000001a23600000)]
  0x000001e8b6a6c5c0 JavaThread "Unconstrained build operations Thread 24" [_thread_blocked, id=7652, stack(0x0000001a23600000,0x0000001a23700000)]
  0x000001e8b6a6cb10 JavaThread "Unconstrained build operations Thread 25" [_thread_blocked, id=5608, stack(0x0000001a23700000,0x0000001a23800000)]
  0x000001e8b6a6eaf0 JavaThread "Unconstrained build operations Thread 26" [_thread_blocked, id=17804, stack(0x0000001a23800000,0x0000001a23900000)]
  0x000001e8b64c9260 JavaThread "Unconstrained build operations Thread 27" [_thread_blocked, id=17284, stack(0x0000001a23900000,0x0000001a23a00000)]
  0x000001e8b64ce210 JavaThread "Unconstrained build operations Thread 28" [_thread_blocked, id=6252, stack(0x0000001a23a00000,0x0000001a23b00000)]
  0x000001e8b64cacf0 JavaThread "Unconstrained build operations Thread 29" [_thread_blocked, id=17504, stack(0x0000001a23b00000,0x0000001a23c00000)]
  0x000001e8b64c97b0 JavaThread "Unconstrained build operations Thread 30" [_thread_blocked, id=5440, stack(0x0000001a23c00000,0x0000001a23d00000)]
  0x000001e8b64cf200 JavaThread "Unconstrained build operations Thread 31" [_thread_blocked, id=18644, stack(0x0000001a23d00000,0x0000001a23e00000)]
  0x000001e8b64cb240 JavaThread "Unconstrained build operations Thread 32" [_thread_blocked, id=17484, stack(0x0000001a23e00000,0x0000001a23f00000)]
  0x000001e8b64cecb0 JavaThread "Unconstrained build operations Thread 33" [_thread_blocked, id=11120, stack(0x0000001a23f00000,0x0000001a24000000)]
  0x000001e8b64ca7a0 JavaThread "Unconstrained build operations Thread 34" [_thread_blocked, id=6092, stack(0x0000001a24000000,0x0000001a24100000)]
  0x000001e8b64c9d00 JavaThread "Unconstrained build operations Thread 35" [_thread_blocked, id=5868, stack(0x0000001a24100000,0x0000001a24200000)]
  0x000001e8b64d01f0 JavaThread "Unconstrained build operations Thread 36" [_thread_blocked, id=1344, stack(0x0000001a24200000,0x0000001a24300000)]
  0x000001e8b64ca250 JavaThread "Unconstrained build operations Thread 37" [_thread_blocked, id=14696, stack(0x0000001a24300000,0x0000001a24400000)]
  0x000001e8b64cb790 JavaThread "Unconstrained build operations Thread 38" [_thread_blocked, id=18824, stack(0x0000001a24400000,0x0000001a24500000)]
  0x000001e8b64cc230 JavaThread "Unconstrained build operations Thread 39" [_thread_blocked, id=15500, stack(0x0000001a24500000,0x0000001a24600000)]
  0x000001e8b64cbce0 JavaThread "Unconstrained build operations Thread 40" [_thread_blocked, id=18900, stack(0x0000001a24600000,0x0000001a24700000)]
  0x000001e8b64cccd0 JavaThread "DisconnectableInputStream source reader" daemon [_thread_blocked, id=15072, stack(0x0000001a24700000,0x0000001a24800000)]
  0x000001e8b64cd220 JavaThread "Exec process Thread 4" [_thread_in_native, id=11648, stack(0x0000001a24800000,0x0000001a24900000)]

Other Threads:
  0x000001e8aef57c70 VMThread "VM Thread" [stack: 0x0000001a1e900000,0x0000001a1ea00000] [id=14156]
  0x000001e894803490 WatcherThread "VM Periodic Task Thread" [stack: 0x0000001a1f500000,0x0000001a1f600000] [id=14520]
  0x000001e8948332d0 WorkerThread "GC Thread#0" [stack: 0x0000001a1e400000,0x0000001a1e500000] [id=6928]
  0x000001e8b34d6f30 WorkerThread "GC Thread#1" [stack: 0x0000001a1f700000,0x0000001a1f800000] [id=10220]
  0x000001e8b34d7200 WorkerThread "GC Thread#2" [stack: 0x0000001a1f800000,0x0000001a1f900000] [id=15248]
  0x000001e8b337a7c0 WorkerThread "GC Thread#3" [stack: 0x0000001a1f900000,0x0000001a1fa00000] [id=8028]
  0x000001e8948382e0 ConcurrentGCThread "G1 Main Marker" [stack: 0x0000001a1e500000,0x0000001a1e600000] [id=6888]
  0x000001e8948393c0 WorkerThread "G1 Conc#0" [stack: 0x0000001a1e600000,0x0000001a1e700000] [id=15116]
  0x000001e8948ce610 ConcurrentGCThread "G1 Refine#0" [stack: 0x0000001a1e700000,0x0000001a1e800000] [id=12780]
  0x000001e8aee1d180 ConcurrentGCThread "G1 Service" [stack: 0x0000001a1e800000,0x0000001a1e900000] [id=1844]

Threads with active compile tasks:
C2 CompilerThread0  3895737 10692 % !   4       org.gradle.launcher.daemon.server.exec.LogToClient$AsynchronousLogDispatcher::run @ 0 (62 bytes)

VM state: not at safepoint (normal execution)

VM Mutex/Monitor currently owned by a thread: None

Heap address: 0x00000000e0000000, size: 512 MB, Compressed Oops mode: 32-bit

CDS archive(s) mapped at: [0x0000000800000000-0x0000000800c40000-0x0000000800c40000), size 12845056, SharedBaseAddress: 0x0000000800000000, ArchiveRelocationMode: 0.
Compressed class space mapped at: 0x0000000801000000-0x0000000814400000, reserved size: 322961408
Narrow klass base: 0x0000000800000000, Narrow klass shift: 0, Narrow klass range: 0x100000000

GC Precious Log:
 CardTable entry size: 512
 Card Set container configuration: InlinePtr #cards 5 size 8 Array Of Cards #cards 12 size 40 Howl #buckets 4 coarsen threshold 1843 Howl Bitmap #cards 512 size 80 coarsen threshold 460 Card regions per heap region 1 cards per card region 2048
 CPUs: 4 total, 4 available
 Memory: 8078M
 Large Page Support: Disabled
 NUMA Support: Disabled
 Compressed Oops: Enabled (32-bit)
 Heap Region Size: 1M
 Heap Min Capacity: 256M
 Heap Initial Capacity: 256M
 Heap Max Capacity: 512M
 Pre-touch: Disabled
 Parallel Workers: 4
 Concurrent Workers: 1
 Concurrent Refinement Workers: 4
 Periodic GC: Disabled

Heap:
 garbage-first heap   total 262144K, used 194539K [0x00000000e0000000, 0x0000000100000000)
  region size 1024K, 138 young (141312K), 2 survivors (2048K)
 Metaspace       used 65154K, committed 67136K, reserved 380928K
  class space    used 8803K, committed 9856K, reserved 315392K

Heap Regions: E=young(eden), S=young(survivor), O=old, HS=humongous(starts), HC=humongous(continues), CS=collection set, F=free, OA=open archive, CA=closed archive, TAMS=top-at-mark-start (previous, next)
|   0|0x00000000e0000000, 0x00000000e0100000, 0x00000000e0100000|100%| O|  |TAMS 0x00000000e0100000, 0x00000000e0000000| Untracked 
|   1|0x00000000e0100000, 0x00000000e0200000, 0x00000000e0200000|100%| O|  |TAMS 0x00000000e0200000, 0x00000000e0100000| Untracked 
|   2|0x00000000e0200000, 0x00000000e0300000, 0x00000000e0300000|100%|HS|  |TAMS 0x00000000e0300000, 0x00000000e0200000| Complete 
|   3|0x00000000e0300000, 0x00000000e0400000, 0x00000000e0400000|100%|HC|  |TAMS 0x00000000e0400000, 0x00000000e0300000| Complete 
|   4|0x00000000e0400000, 0x00000000e0500000, 0x00000000e0500000|100%|HC|  |TAMS 0x00000000e0500000, 0x00000000e0400000| Complete 
|   5|0x00000000e0500000, 0x00000000e0600000, 0x00000000e0600000|100%|HC|  |TAMS 0x00000000e0600000, 0x00000000e0500000| Complete 
|   6|0x00000000e0600000, 0x00000000e0700000, 0x00000000e0700000|100%| O|  |TAMS 0x00000000e0700000, 0x00000000e0600000| Untracked 
|   7|0x00000000e0700000, 0x00000000e0800000, 0x00000000e0800000|100%| O|  |TAMS 0x00000000e0800000, 0x00000000e0700000| Untracked 
|   8|0x00000000e0800000, 0x00000000e0900000, 0x00000000e0900000|100%| O|  |TAMS 0x00000000e0900000, 0x00000000e0800000| Untracked 
|   9|0x00000000e0900000, 0x00000000e0a00000, 0x00000000e0a00000|100%| O|  |TAMS 0x00000000e0a00000, 0x00000000e0900000| Untracked 
|  10|0x00000000e0a00000, 0x00000000e0b00000, 0x00000000e0b00000|100%| O|  |TAMS 0x00000000e0b00000, 0x00000000e0a00000| Untracked 
|  11|0x00000000e0b00000, 0x00000000e0b00000, 0x00000000e0c00000|  0%| F|  |TAMS 0x00000000e0b00000, 0x00000000e0b00000| Untracked 
|  12|0x00000000e0c00000, 0x00000000e0d00000, 0x00000000e0d00000|100%| O|  |TAMS 0x00000000e0d00000, 0x00000000e0c00000| Untracked 
|  13|0x00000000e0d00000, 0x00000000e0e00000, 0x00000000e0e00000|100%| O|  |TAMS 0x00000000e0e00000, 0x00000000e0d00000| Untracked 
|  14|0x00000000e0e00000, 0x00000000e0f00000, 0x00000000e0f00000|100%| O|  |TAMS 0x00000000e0f00000, 0x00000000e0e00000| Untracked 
|  15|0x00000000e0f00000, 0x00000000e1000000, 0x00000000e1000000|100%| O|  |TAMS 0x00000000e1000000, 0x00000000e0f00000| Untracked 
|  16|0x00000000e1000000, 0x00000000e1100000, 0x00000000e1100000|100%| O|  |TAMS 0x00000000e1100000, 0x00000000e1000000| Untracked 
|  17|0x00000000e1100000, 0x00000000e1200000, 0x00000000e1200000|100%| O|  |TAMS 0x00000000e1200000, 0x00000000e1100000| Untracked 
|  18|0x00000000e1200000, 0x00000000e1300000, 0x00000000e1300000|100%| O|  |TAMS 0x00000000e1300000, 0x00000000e1200000| Untracked 
|  19|0x00000000e1300000, 0x00000000e1400000, 0x00000000e1400000|100%| O|  |TAMS 0x00000000e1400000, 0x00000000e1300000| Untracked 
|  20|0x00000000e1400000, 0x00000000e1500000, 0x00000000e1500000|100%| O|  |TAMS 0x00000000e1500000, 0x00000000e1400000| Untracked 
|  21|0x00000000e1500000, 0x00000000e1600000, 0x00000000e1600000|100%| O|  |TAMS 0x00000000e1600000, 0x00000000e1500000| Untracked 
|  22|0x00000000e1600000, 0x00000000e1700000, 0x00000000e1700000|100%| O|  |TAMS 0x00000000e1700000, 0x00000000e1600000| Untracked 
|  23|0x00000000e1700000, 0x00000000e1800000, 0x00000000e1800000|100%| O|  |TAMS 0x00000000e1800000, 0x00000000e1700000| Untracked 
|  24|0x00000000e1800000, 0x00000000e1900000, 0x00000000e1900000|100%| O|  |TAMS 0x00000000e1900000, 0x00000000e1800000| Untracked 
|  25|0x00000000e1900000, 0x00000000e1a00000, 0x00000000e1a00000|100%| O|  |TAMS 0x00000000e1a00000, 0x00000000e1900000| Untracked 
|  26|0x00000000e1a00000, 0x00000000e1b00000, 0x00000000e1b00000|100%| O|  |TAMS 0x00000000e1b00000, 0x00000000e1a00000| Untracked 
|  27|0x00000000e1b00000, 0x00000000e1c00000, 0x00000000e1c00000|100%| O|  |TAMS 0x00000000e1c00000, 0x00000000e1b00000| Untracked 
|  28|0x00000000e1c00000, 0x00000000e1d00000, 0x00000000e1d00000|100%| O|  |TAMS 0x00000000e1d00000, 0x00000000e1c00000| Untracked 
|  29|0x00000000e1d00000, 0x00000000e1e00000, 0x00000000e1e00000|100%| O|  |TAMS 0x00000000e1d00000, 0x00000000e1d00000| Untracked 
|  30|0x00000000e1e00000, 0x00000000e1f00000, 0x00000000e1f00000|100%| O|  |TAMS 0x00000000e1f00000, 0x00000000e1e00000| Untracked 
|  31|0x00000000e1f00000, 0x00000000e2000000, 0x00000000e2000000|100%| O|  |TAMS 0x00000000e2000000, 0x00000000e1f00000| Untracked 
|  32|0x00000000e2000000, 0x00000000e2100000, 0x00000000e2100000|100%| O|  |TAMS 0x00000000e2100000, 0x00000000e2000000| Untracked 
|  33|0x00000000e2100000, 0x00000000e2200000, 0x00000000e2200000|100%| O|  |TAMS 0x00000000e2200000, 0x00000000e2100000| Untracked 
|  34|0x00000000e2200000, 0x00000000e2300000, 0x00000000e2300000|100%| O|  |TAMS 0x00000000e2300000, 0x00000000e2200000| Untracked 
|  35|0x00000000e2300000, 0x00000000e2400000, 0x00000000e2400000|100%| O|  |TAMS 0x00000000e2400000, 0x00000000e2300000| Untracked 
|  36|0x00000000e2400000, 0x00000000e2500000, 0x00000000e2500000|100%| O|  |TAMS 0x00000000e2500000, 0x00000000e2400000| Untracked 
|  37|0x00000000e2500000, 0x00000000e2600000, 0x00000000e2600000|100%| O|  |TAMS 0x00000000e2600000, 0x00000000e2500000| Untracked 
|  38|0x00000000e2600000, 0x00000000e2700000, 0x00000000e2700000|100%| O|  |TAMS 0x00000000e2700000, 0x00000000e2600000| Untracked 
|  39|0x00000000e2700000, 0x00000000e2800000, 0x00000000e2800000|100%| O|  |TAMS 0x00000000e2800000, 0x00000000e2700000| Untracked 
|  40|0x00000000e2800000, 0x00000000e2900000, 0x00000000e2900000|100%| O|  |TAMS 0x00000000e2900000, 0x00000000e2800000| Untracked 
|  41|0x00000000e2900000, 0x00000000e2a00000, 0x00000000e2a00000|100%| O|  |TAMS 0x00000000e2954600, 0x00000000e2900000| Untracked 
|  42|0x00000000e2a00000, 0x00000000e2b00000, 0x00000000e2b00000|100%| O|  |TAMS 0x00000000e2a00000, 0x00000000e2a00000| Untracked 
|  43|0x00000000e2b00000, 0x00000000e2c00000, 0x00000000e2c00000|100%| O|  |TAMS 0x00000000e2b00000, 0x00000000e2b00000| Untracked 
|  44|0x00000000e2c00000, 0x00000000e2d00000, 0x00000000e2d00000|100%| O|  |TAMS 0x00000000e2c00000, 0x00000000e2c00000| Untracked 
|  45|0x00000000e2d00000, 0x00000000e2e00000, 0x00000000e2e00000|100%| O|  |TAMS 0x00000000e2d00000, 0x00000000e2d00000| Untracked 
|  46|0x00000000e2e00000, 0x00000000e2f00000, 0x00000000e2f00000|100%| O|  |TAMS 0x00000000e2e00000, 0x00000000e2e00000| Untracked 
|  47|0x00000000e2f00000, 0x00000000e3000000, 0x00000000e3000000|100%| O|  |TAMS 0x00000000e2f00000, 0x00000000e2f00000| Untracked 
|  48|0x00000000e3000000, 0x00000000e3100000, 0x00000000e3100000|100%| O|  |TAMS 0x00000000e3000000, 0x00000000e3000000| Untracked 
|  49|0x00000000e3100000, 0x00000000e3200000, 0x00000000e3200000|100%| O|  |TAMS 0x00000000e3100000, 0x00000000e3100000| Untracked 
|  50|0x00000000e3200000, 0x00000000e3300000, 0x00000000e3300000|100%| O|  |TAMS 0x00000000e3200000, 0x00000000e3200000| Untracked 
|  51|0x00000000e3300000, 0x00000000e3400000, 0x00000000e3400000|100%| O|  |TAMS 0x00000000e3300000, 0x00000000e3300000| Untracked 
|  52|0x00000000e3400000, 0x00000000e3500000, 0x00000000e3500000|100%| O|  |TAMS 0x00000000e3400000, 0x00000000e3400000| Untracked 
|  53|0x00000000e3500000, 0x00000000e3600000, 0x00000000e3600000|100%| O|  |TAMS 0x00000000e3500000, 0x00000000e3500000| Untracked 
|  54|0x00000000e3600000, 0x00000000e36fac00, 0x00000000e3700000| 97%| O|  |TAMS 0x00000000e3600000, 0x00000000e3600000| Untracked 
|  55|0x00000000e3700000, 0x00000000e3700000, 0x00000000e3800000|  0%| F|  |TAMS 0x00000000e3700000, 0x00000000e3700000| Untracked 
|  56|0x00000000e3800000, 0x00000000e3800000, 0x00000000e3900000|  0%| F|  |TAMS 0x00000000e3800000, 0x00000000e3800000| Untracked 
|  57|0x00000000e3900000, 0x00000000e3900000, 0x00000000e3a00000|  0%| F|  |TAMS 0x00000000e3900000, 0x00000000e3900000| Untracked 
|  58|0x00000000e3a00000, 0x00000000e3a00000, 0x00000000e3b00000|  0%| F|  |TAMS 0x00000000e3a00000, 0x00000000e3a00000| Untracked 
|  59|0x00000000e3b00000, 0x00000000e3b00000, 0x00000000e3c00000|  0%| F|  |TAMS 0x00000000e3b00000, 0x00000000e3b00000| Untracked 
|  60|0x00000000e3c00000, 0x00000000e3c00000, 0x00000000e3d00000|  0%| F|  |TAMS 0x00000000e3c00000, 0x00000000e3c00000| Untracked 
|  61|0x00000000e3d00000, 0x00000000e3d00000, 0x00000000e3e00000|  0%| F|  |TAMS 0x00000000e3d00000, 0x00000000e3d00000| Untracked 
|  62|0x00000000e3e00000, 0x00000000e3e00000, 0x00000000e3f00000|  0%| F|  |TAMS 0x00000000e3e00000, 0x00000000e3e00000| Untracked 
|  63|0x00000000e3f00000, 0x00000000e3f00000, 0x00000000e4000000|  0%| F|  |TAMS 0x00000000e3f00000, 0x00000000e3f00000| Untracked 
|  64|0x00000000e4000000, 0x00000000e4000000, 0x00000000e4100000|  0%| F|  |TAMS 0x00000000e4000000, 0x00000000e4000000| Untracked 
|  65|0x00000000e4100000, 0x00000000e4100000, 0x00000000e4200000|  0%| F|  |TAMS 0x00000000e4100000, 0x00000000e4100000| Untracked 
|  66|0x00000000e4200000, 0x00000000e4200000, 0x00000000e4300000|  0%| F|  |TAMS 0x00000000e4200000, 0x00000000e4200000| Untracked 
|  67|0x00000000e4300000, 0x00000000e4300000, 0x00000000e4400000|  0%| F|  |TAMS 0x00000000e4300000, 0x00000000e4300000| Untracked 
|  68|0x00000000e4400000, 0x00000000e4400000, 0x00000000e4500000|  0%| F|  |TAMS 0x00000000e4400000, 0x00000000e4400000| Untracked 
|  69|0x00000000e4500000, 0x00000000e4500000, 0x00000000e4600000|  0%| F|  |TAMS 0x00000000e4500000, 0x00000000e4500000| Untracked 
|  70|0x00000000e4600000, 0x00000000e4600000, 0x00000000e4700000|  0%| F|  |TAMS 0x00000000e4600000, 0x00000000e4600000| Untracked 
|  71|0x00000000e4700000, 0x00000000e4700000, 0x00000000e4800000|  0%| F|  |TAMS 0x00000000e4700000, 0x00000000e4700000| Untracked 
|  72|0x00000000e4800000, 0x00000000e4800000, 0x00000000e4900000|  0%| F|  |TAMS 0x00000000e4800000, 0x00000000e4800000| Untracked 
|  73|0x00000000e4900000, 0x00000000e4900000, 0x00000000e4a00000|  0%| F|  |TAMS 0x00000000e4900000, 0x00000000e4900000| Untracked 
|  74|0x00000000e4a00000, 0x00000000e4a00000, 0x00000000e4b00000|  0%| F|  |TAMS 0x00000000e4a00000, 0x00000000e4a00000| Untracked 
|  75|0x00000000e4b00000, 0x00000000e4b00000, 0x00000000e4c00000|  0%| F|  |TAMS 0x00000000e4b00000, 0x00000000e4b00000| Untracked 
|  76|0x00000000e4c00000, 0x00000000e4c00000, 0x00000000e4d00000|  0%| F|  |TAMS 0x00000000e4c00000, 0x00000000e4c00000| Untracked 
|  77|0x00000000e4d00000, 0x00000000e4d00000, 0x00000000e4e00000|  0%| F|  |TAMS 0x00000000e4d00000, 0x00000000e4d00000| Untracked 
|  78|0x00000000e4e00000, 0x00000000e4e00000, 0x00000000e4f00000|  0%| F|  |TAMS 0x00000000e4e00000, 0x00000000e4e00000| Untracked 
|  79|0x00000000e4f00000, 0x00000000e4f00000, 0x00000000e5000000|  0%| F|  |TAMS 0x00000000e4f00000, 0x00000000e4f00000| Untracked 
|  80|0x00000000e5000000, 0x00000000e5000000, 0x00000000e5100000|  0%| F|  |TAMS 0x00000000e5000000, 0x00000000e5000000| Untracked 
|  81|0x00000000e5100000, 0x00000000e5100000, 0x00000000e5200000|  0%| F|  |TAMS 0x00000000e5100000, 0x00000000e5100000| Untracked 
|  82|0x00000000e5200000, 0x00000000e5200000, 0x00000000e5300000|  0%| F|  |TAMS 0x00000000e5200000, 0x00000000e5200000| Untracked 
|  83|0x00000000e5300000, 0x00000000e5300000, 0x00000000e5400000|  0%| F|  |TAMS 0x00000000e5300000, 0x00000000e5300000| Untracked 
|  84|0x00000000e5400000, 0x00000000e5400000, 0x00000000e5500000|  0%| F|  |TAMS 0x00000000e5400000, 0x00000000e5400000| Untracked 
|  85|0x00000000e5500000, 0x00000000e5500000, 0x00000000e5600000|  0%| F|  |TAMS 0x00000000e5500000, 0x00000000e5500000| Untracked 
|  86|0x00000000e5600000, 0x00000000e5600000, 0x00000000e5700000|  0%| F|  |TAMS 0x00000000e5600000, 0x00000000e5600000| Untracked 
|  87|0x00000000e5700000, 0x00000000e5700000, 0x00000000e5800000|  0%| F|  |TAMS 0x00000000e5700000, 0x00000000e5700000| Untracked 
|  88|0x00000000e5800000, 0x00000000e5800000, 0x00000000e5900000|  0%| F|  |TAMS 0x00000000e5800000, 0x00000000e5800000| Untracked 
|  89|0x00000000e5900000, 0x00000000e5900000, 0x00000000e5a00000|  0%| F|  |TAMS 0x00000000e5900000, 0x00000000e5900000| Untracked 
|  90|0x00000000e5a00000, 0x00000000e5a00000, 0x00000000e5b00000|  0%| F|  |TAMS 0x00000000e5a00000, 0x00000000e5a00000| Untracked 
|  91|0x00000000e5b00000, 0x00000000e5b00000, 0x00000000e5c00000|  0%| F|  |TAMS 0x00000000e5b00000, 0x00000000e5b00000| Untracked 
|  92|0x00000000e5c00000, 0x00000000e5c00000, 0x00000000e5d00000|  0%| F|  |TAMS 0x00000000e5c00000, 0x00000000e5c00000| Untracked 
|  93|0x00000000e5d00000, 0x00000000e5d00000, 0x00000000e5e00000|  0%| F|  |TAMS 0x00000000e5d00000, 0x00000000e5d00000| Untracked 
|  94|0x00000000e5e00000, 0x00000000e5e00000, 0x00000000e5f00000|  0%| F|  |TAMS 0x00000000e5e00000, 0x00000000e5e00000| Untracked 
|  95|0x00000000e5f00000, 0x00000000e5f00000, 0x00000000e6000000|  0%| F|  |TAMS 0x00000000e5f00000, 0x00000000e5f00000| Untracked 
|  96|0x00000000e6000000, 0x00000000e6000000, 0x00000000e6100000|  0%| F|  |TAMS 0x00000000e6000000, 0x00000000e6000000| Untracked 
|  97|0x00000000e6100000, 0x00000000e6100000, 0x00000000e6200000|  0%| F|  |TAMS 0x00000000e6100000, 0x00000000e6100000| Untracked 
|  98|0x00000000e6200000, 0x00000000e6200000, 0x00000000e6300000|  0%| F|  |TAMS 0x00000000e6200000, 0x00000000e6200000| Untracked 
|  99|0x00000000e6300000, 0x00000000e6300000, 0x00000000e6400000|  0%| F|  |TAMS 0x00000000e6300000, 0x00000000e6300000| Untracked 
| 100|0x00000000e6400000, 0x00000000e6400000, 0x00000000e6500000|  0%| F|  |TAMS 0x00000000e6400000, 0x00000000e6400000| Untracked 
| 101|0x00000000e6500000, 0x00000000e6500000, 0x00000000e6600000|  0%| F|  |TAMS 0x00000000e6500000, 0x00000000e6500000| Untracked 
| 102|0x00000000e6600000, 0x00000000e6600000, 0x00000000e6700000|  0%| F|  |TAMS 0x00000000e6600000, 0x00000000e6600000| Untracked 
| 103|0x00000000e6700000, 0x00000000e6700000, 0x00000000e6800000|  0%| F|  |TAMS 0x00000000e6700000, 0x00000000e6700000| Untracked 
| 104|0x00000000e6800000, 0x00000000e6800000, 0x00000000e6900000|  0%| F|  |TAMS 0x00000000e6800000, 0x00000000e6800000| Untracked 
| 105|0x00000000e6900000, 0x00000000e6900000, 0x00000000e6a00000|  0%| F|  |TAMS 0x00000000e6900000, 0x00000000e6900000| Untracked 
| 106|0x00000000e6a00000, 0x00000000e6a00000, 0x00000000e6b00000|  0%| F|  |TAMS 0x00000000e6a00000, 0x00000000e6a00000| Untracked 
| 107|0x00000000e6b00000, 0x00000000e6b00000, 0x00000000e6c00000|  0%| F|  |TAMS 0x00000000e6b00000, 0x00000000e6b00000| Untracked 
| 108|0x00000000e6c00000, 0x00000000e6c00000, 0x00000000e6d00000|  0%| F|  |TAMS 0x00000000e6c00000, 0x00000000e6c00000| Untracked 
| 109|0x00000000e6d00000, 0x00000000e6d00000, 0x00000000e6e00000|  0%| F|  |TAMS 0x00000000e6d00000, 0x00000000e6d00000| Untracked 
| 110|0x00000000e6e00000, 0x00000000e6e00000, 0x00000000e6f00000|  0%| F|  |TAMS 0x00000000e6e00000, 0x00000000e6e00000| Untracked 
| 111|0x00000000e6f00000, 0x00000000e6f00000, 0x00000000e7000000|  0%| F|  |TAMS 0x00000000e6f00000, 0x00000000e6f00000| Untracked 
| 112|0x00000000e7000000, 0x00000000e7000000, 0x00000000e7100000|  0%| F|  |TAMS 0x00000000e7000000, 0x00000000e7000000| Untracked 
| 113|0x00000000e7100000, 0x00000000e7100000, 0x00000000e7200000|  0%| F|  |TAMS 0x00000000e7100000, 0x00000000e7100000| Untracked 
| 114|0x00000000e7200000, 0x00000000e7200000, 0x00000000e7300000|  0%| F|  |TAMS 0x00000000e7200000, 0x00000000e7200000| Untracked 
| 115|0x00000000e7300000, 0x00000000e7300000, 0x00000000e7400000|  0%| F|  |TAMS 0x00000000e7300000, 0x00000000e7300000| Untracked 
| 116|0x00000000e7400000, 0x00000000e7400000, 0x00000000e7500000|  0%| F|  |TAMS 0x00000000e7400000, 0x00000000e7400000| Untracked 
| 117|0x00000000e7500000, 0x00000000e7500000, 0x00000000e7600000|  0%| F|  |TAMS 0x00000000e7500000, 0x00000000e7500000| Untracked 
| 118|0x00000000e7600000, 0x00000000e7681b28, 0x00000000e7700000| 50%| E|  |TAMS 0x00000000e7600000, 0x00000000e7600000| Complete 
| 119|0x00000000e7700000, 0x00000000e7800000, 0x00000000e7800000|100%| E|CS|TAMS 0x00000000e7700000, 0x00000000e7700000| Complete 
| 120|0x00000000e7800000, 0x00000000e7900000, 0x00000000e7900000|100%| E|CS|TAMS 0x00000000e7800000, 0x00000000e7800000| Complete 
| 121|0x00000000e7900000, 0x00000000e7a00000, 0x00000000e7a00000|100%| E|CS|TAMS 0x00000000e7900000, 0x00000000e7900000| Complete 
| 122|0x00000000e7a00000, 0x00000000e7b00000, 0x00000000e7b00000|100%| E|CS|TAMS 0x00000000e7a00000, 0x00000000e7a00000| Complete 
| 123|0x00000000e7b00000, 0x00000000e7c00000, 0x00000000e7c00000|100%| E|CS|TAMS 0x00000000e7b00000, 0x00000000e7b00000| Complete 
| 124|0x00000000e7c00000, 0x00000000e7d00000, 0x00000000e7d00000|100%| E|CS|TAMS 0x00000000e7c00000, 0x00000000e7c00000| Complete 
| 125|0x00000000e7d00000, 0x00000000e7e00000, 0x00000000e7e00000|100%| E|CS|TAMS 0x00000000e7d00000, 0x00000000e7d00000| Complete 
| 126|0x00000000e7e00000, 0x00000000e7f00000, 0x00000000e7f00000|100%| E|CS|TAMS 0x00000000e7e00000, 0x00000000e7e00000| Complete 
| 127|0x00000000e7f00000, 0x00000000e8000000, 0x00000000e8000000|100%| E|CS|TAMS 0x00000000e7f00000, 0x00000000e7f00000| Complete 
| 128|0x00000000e8000000, 0x00000000e8100000, 0x00000000e8100000|100%| E|CS|TAMS 0x00000000e8000000, 0x00000000e8000000| Complete 
| 129|0x00000000e8100000, 0x00000000e8200000, 0x00000000e8200000|100%| E|CS|TAMS 0x00000000e8100000, 0x00000000e8100000| Complete 
| 130|0x00000000e8200000, 0x00000000e8300000, 0x00000000e8300000|100%| E|CS|TAMS 0x00000000e8200000, 0x00000000e8200000| Complete 
| 131|0x00000000e8300000, 0x00000000e8400000, 0x00000000e8400000|100%| E|CS|TAMS 0x00000000e8300000, 0x00000000e8300000| Complete 
| 132|0x00000000e8400000, 0x00000000e8500000, 0x00000000e8500000|100%| E|CS|TAMS 0x00000000e8400000, 0x00000000e8400000| Complete 
| 133|0x00000000e8500000, 0x00000000e8600000, 0x00000000e8600000|100%| E|CS|TAMS 0x00000000e8500000, 0x00000000e8500000| Complete 
| 134|0x00000000e8600000, 0x00000000e8700000, 0x00000000e8700000|100%| E|CS|TAMS 0x00000000e8600000, 0x00000000e8600000| Complete 
| 135|0x00000000e8700000, 0x00000000e8800000, 0x00000000e8800000|100%| E|CS|TAMS 0x00000000e8700000, 0x00000000e8700000| Complete 
| 136|0x00000000e8800000, 0x00000000e8900000, 0x00000000e8900000|100%| E|CS|TAMS 0x00000000e8800000, 0x00000000e8800000| Complete 
| 137|0x00000000e8900000, 0x00000000e8a00000, 0x00000000e8a00000|100%| E|CS|TAMS 0x00000000e8900000, 0x00000000e8900000| Complete 
| 138|0x00000000e8a00000, 0x00000000e8b00000, 0x00000000e8b00000|100%| E|CS|TAMS 0x00000000e8a00000, 0x00000000e8a00000| Complete 
| 139|0x00000000e8b00000, 0x00000000e8c00000, 0x00000000e8c00000|100%| E|CS|TAMS 0x00000000e8b00000, 0x00000000e8b00000| Complete 
| 140|0x00000000e8c00000, 0x00000000e8d00000, 0x00000000e8d00000|100%| E|CS|TAMS 0x00000000e8c00000, 0x00000000e8c00000| Complete 
| 141|0x00000000e8d00000, 0x00000000e8e00000, 0x00000000e8e00000|100%| E|CS|TAMS 0x00000000e8d00000, 0x00000000e8d00000| Complete 
| 142|0x00000000e8e00000, 0x00000000e8f00000, 0x00000000e8f00000|100%| E|CS|TAMS 0x00000000e8e00000, 0x00000000e8e00000| Complete 
| 143|0x00000000e8f00000, 0x00000000e9000000, 0x00000000e9000000|100%| E|CS|TAMS 0x00000000e8f00000, 0x00000000e8f00000| Complete 
| 144|0x00000000e9000000, 0x00000000e9100000, 0x00000000e9100000|100%| E|CS|TAMS 0x00000000e9000000, 0x00000000e9000000| Complete 
| 145|0x00000000e9100000, 0x00000000e9200000, 0x00000000e9200000|100%| E|CS|TAMS 0x00000000e9100000, 0x00000000e9100000| Complete 
| 146|0x00000000e9200000, 0x00000000e9300000, 0x00000000e9300000|100%| E|CS|TAMS 0x00000000e9200000, 0x00000000e9200000| Complete 
| 147|0x00000000e9300000, 0x00000000e9400000, 0x00000000e9400000|100%| E|CS|TAMS 0x00000000e9300000, 0x00000000e9300000| Complete 
| 148|0x00000000e9400000, 0x00000000e9500000, 0x00000000e9500000|100%| E|  |TAMS 0x00000000e9400000, 0x00000000e9400000| Complete 
| 149|0x00000000e9500000, 0x00000000e9600000, 0x00000000e9600000|100%| E|CS|TAMS 0x00000000e9500000, 0x00000000e9500000| Complete 
| 150|0x00000000e9600000, 0x00000000e9700000, 0x00000000e9700000|100%| E|CS|TAMS 0x00000000e9600000, 0x00000000e9600000| Complete 
| 151|0x00000000e9700000, 0x00000000e9800000, 0x00000000e9800000|100%| E|CS|TAMS 0x00000000e9700000, 0x00000000e9700000| Complete 
| 152|0x00000000e9800000, 0x00000000e9900000, 0x00000000e9900000|100%| E|CS|TAMS 0x00000000e9800000, 0x00000000e9800000| Complete 
| 153|0x00000000e9900000, 0x00000000e9a00000, 0x00000000e9a00000|100%| E|CS|TAMS 0x00000000e9900000, 0x00000000e9900000| Complete 
| 154|0x00000000e9a00000, 0x00000000e9b00000, 0x00000000e9b00000|100%| E|CS|TAMS 0x00000000e9a00000, 0x00000000e9a00000| Complete 
| 155|0x00000000e9b00000, 0x00000000e9c00000, 0x00000000e9c00000|100%| E|CS|TAMS 0x00000000e9b00000, 0x00000000e9b00000| Complete 
| 156|0x00000000e9c00000, 0x00000000e9d00000, 0x00000000e9d00000|100%| E|CS|TAMS 0x00000000e9c00000, 0x00000000e9c00000| Complete 
| 157|0x00000000e9d00000, 0x00000000e9e00000, 0x00000000e9e00000|100%| E|CS|TAMS 0x00000000e9d00000, 0x00000000e9d00000| Complete 
| 158|0x00000000e9e00000, 0x00000000e9f00000, 0x00000000e9f00000|100%| E|CS|TAMS 0x00000000e9e00000, 0x00000000e9e00000| Complete 
| 159|0x00000000e9f00000, 0x00000000ea000000, 0x00000000ea000000|100%| E|CS|TAMS 0x00000000e9f00000, 0x00000000e9f00000| Complete 
| 160|0x00000000ea000000, 0x00000000ea100000, 0x00000000ea100000|100%| E|CS|TAMS 0x00000000ea000000, 0x00000000ea000000| Complete 
| 161|0x00000000ea100000, 0x00000000ea200000, 0x00000000ea200000|100%| E|CS|TAMS 0x00000000ea100000, 0x00000000ea100000| Complete 
| 162|0x00000000ea200000, 0x00000000ea300000, 0x00000000ea300000|100%| E|CS|TAMS 0x00000000ea200000, 0x00000000ea200000| Complete 
| 163|0x00000000ea300000, 0x00000000ea400000, 0x00000000ea400000|100%| E|CS|TAMS 0x00000000ea300000, 0x00000000ea300000| Complete 
| 164|0x00000000ea400000, 0x00000000ea500000, 0x00000000ea500000|100%| E|CS|TAMS 0x00000000ea400000, 0x00000000ea400000| Complete 
| 165|0x00000000ea500000, 0x00000000ea600000, 0x00000000ea600000|100%| E|CS|TAMS 0x00000000ea500000, 0x00000000ea500000| Complete 
| 166|0x00000000ea600000, 0x00000000ea700000, 0x00000000ea700000|100%| E|CS|TAMS 0x00000000ea600000, 0x00000000ea600000| Complete 
| 167|0x00000000ea700000, 0x00000000ea800000, 0x00000000ea800000|100%| E|CS|TAMS 0x00000000ea700000, 0x00000000ea700000| Complete 
| 168|0x00000000ea800000, 0x00000000ea900000, 0x00000000ea900000|100%| E|CS|TAMS 0x00000000ea800000, 0x00000000ea800000| Complete 
| 169|0x00000000ea900000, 0x00000000eaa00000, 0x00000000eaa00000|100%| E|CS|TAMS 0x00000000ea900000, 0x00000000ea900000| Complete 
| 170|0x00000000eaa00000, 0x00000000eab00000, 0x00000000eab00000|100%| E|CS|TAMS 0x00000000eaa00000, 0x00000000eaa00000| Complete 
| 171|0x00000000eab00000, 0x00000000eac00000, 0x00000000eac00000|100%| E|CS|TAMS 0x00000000eab00000, 0x00000000eab00000| Complete 
| 172|0x00000000eac00000, 0x00000000ead00000, 0x00000000ead00000|100%| E|CS|TAMS 0x00000000eac00000, 0x00000000eac00000| Complete 
| 173|0x00000000ead00000, 0x00000000eae00000, 0x00000000eae00000|100%| E|CS|TAMS 0x00000000ead00000, 0x00000000ead00000| Complete 
| 174|0x00000000eae00000, 0x00000000eaf00000, 0x00000000eaf00000|100%| E|CS|TAMS 0x00000000eae00000, 0x00000000eae00000| Complete 
| 175|0x00000000eaf00000, 0x00000000eb000000, 0x00000000eb000000|100%| E|CS|TAMS 0x00000000eaf00000, 0x00000000eaf00000| Complete 
| 176|0x00000000eb000000, 0x00000000eb100000, 0x00000000eb100000|100%| E|CS|TAMS 0x00000000eb000000, 0x00000000eb000000| Complete 
| 177|0x00000000eb100000, 0x00000000eb200000, 0x00000000eb200000|100%| E|CS|TAMS 0x00000000eb100000, 0x00000000eb100000| Complete 
| 178|0x00000000eb200000, 0x00000000eb300000, 0x00000000eb300000|100%| E|CS|TAMS 0x00000000eb200000, 0x00000000eb200000| Complete 
| 179|0x00000000eb300000, 0x00000000eb400000, 0x00000000eb400000|100%| E|CS|TAMS 0x00000000eb300000, 0x00000000eb300000| Complete 
| 180|0x00000000eb400000, 0x00000000eb500000, 0x00000000eb500000|100%| E|CS|TAMS 0x00000000eb400000, 0x00000000eb400000| Complete 
| 181|0x00000000eb500000, 0x00000000eb600000, 0x00000000eb600000|100%| E|CS|TAMS 0x00000000eb500000, 0x00000000eb500000| Complete 
| 182|0x00000000eb600000, 0x00000000eb700000, 0x00000000eb700000|100%| E|CS|TAMS 0x00000000eb600000, 0x00000000eb600000| Complete 
| 183|0x00000000eb700000, 0x00000000eb800000, 0x00000000eb800000|100%| E|CS|TAMS 0x00000000eb700000, 0x00000000eb700000| Complete 
| 184|0x00000000eb800000, 0x00000000eb900000, 0x00000000eb900000|100%| E|CS|TAMS 0x00000000eb800000, 0x00000000eb800000| Complete 
| 185|0x00000000eb900000, 0x00000000eba00000, 0x00000000eba00000|100%| E|CS|TAMS 0x00000000eb900000, 0x00000000eb900000| Complete 
| 186|0x00000000eba00000, 0x00000000ebb00000, 0x00000000ebb00000|100%| E|CS|TAMS 0x00000000eba00000, 0x00000000eba00000| Complete 
| 187|0x00000000ebb00000, 0x00000000ebc00000, 0x00000000ebc00000|100%| E|CS|TAMS 0x00000000ebb00000, 0x00000000ebb00000| Complete 
| 188|0x00000000ebc00000, 0x00000000ebd00000, 0x00000000ebd00000|100%| E|CS|TAMS 0x00000000ebc00000, 0x00000000ebc00000| Complete 
| 189|0x00000000ebd00000, 0x00000000ebe00000, 0x00000000ebe00000|100%| E|CS|TAMS 0x00000000ebd00000, 0x00000000ebd00000| Complete 
| 190|0x00000000ebe00000, 0x00000000ebf00000, 0x00000000ebf00000|100%| E|CS|TAMS 0x00000000ebe00000, 0x00000000ebe00000| Complete 
| 191|0x00000000ebf00000, 0x00000000ec000000, 0x00000000ec000000|100%| E|CS|TAMS 0x00000000ebf00000, 0x00000000ebf00000| Complete 
| 192|0x00000000ec000000, 0x00000000ec100000, 0x00000000ec100000|100%| E|CS|TAMS 0x00000000ec000000, 0x00000000ec000000| Complete 
| 193|0x00000000ec100000, 0x00000000ec200000, 0x00000000ec200000|100%| E|CS|TAMS 0x00000000ec100000, 0x00000000ec100000| Complete 
| 194|0x00000000ec200000, 0x00000000ec300000, 0x00000000ec300000|100%| E|CS|TAMS 0x00000000ec200000, 0x00000000ec200000| Complete 
| 195|0x00000000ec300000, 0x00000000ec400000, 0x00000000ec400000|100%| E|CS|TAMS 0x00000000ec300000, 0x00000000ec300000| Complete 
| 196|0x00000000ec400000, 0x00000000ec500000, 0x00000000ec500000|100%| E|CS|TAMS 0x00000000ec400000, 0x00000000ec400000| Complete 
| 197|0x00000000ec500000, 0x00000000ec600000, 0x00000000ec600000|100%| E|CS|TAMS 0x00000000ec500000, 0x00000000ec500000| Complete 
| 198|0x00000000ec600000, 0x00000000ec700000, 0x00000000ec700000|100%| E|CS|TAMS 0x00000000ec600000, 0x00000000ec600000| Complete 
| 199|0x00000000ec700000, 0x00000000ec800000, 0x00000000ec800000|100%| E|CS|TAMS 0x00000000ec700000, 0x00000000ec700000| Complete 
| 200|0x00000000ec800000, 0x00000000ec900000, 0x00000000ec900000|100%| E|CS|TAMS 0x00000000ec800000, 0x00000000ec800000| Complete 
| 201|0x00000000ec900000, 0x00000000eca00000, 0x00000000eca00000|100%| E|CS|TAMS 0x00000000ec900000, 0x00000000ec900000| Complete 
| 202|0x00000000eca00000, 0x00000000ecb00000, 0x00000000ecb00000|100%| E|CS|TAMS 0x00000000eca00000, 0x00000000eca00000| Complete 
| 203|0x00000000ecb00000, 0x00000000ecc00000, 0x00000000ecc00000|100%| E|CS|TAMS 0x00000000ecb00000, 0x00000000ecb00000| Complete 
| 204|0x00000000ecc00000, 0x00000000ecd00000, 0x00000000ecd00000|100%| E|CS|TAMS 0x00000000ecc00000, 0x00000000ecc00000| Complete 
| 205|0x00000000ecd00000, 0x00000000ece00000, 0x00000000ece00000|100%| E|CS|TAMS 0x00000000ecd00000, 0x00000000ecd00000| Complete 
| 206|0x00000000ece00000, 0x00000000ecf00000, 0x00000000ecf00000|100%| E|CS|TAMS 0x00000000ece00000, 0x00000000ece00000| Complete 
| 207|0x00000000ecf00000, 0x00000000ed000000, 0x00000000ed000000|100%| E|CS|TAMS 0x00000000ecf00000, 0x00000000ecf00000| Complete 
| 208|0x00000000ed000000, 0x00000000ed100000, 0x00000000ed100000|100%| E|CS|TAMS 0x00000000ed000000, 0x00000000ed000000| Complete 
| 209|0x00000000ed100000, 0x00000000ed200000, 0x00000000ed200000|100%| E|CS|TAMS 0x00000000ed100000, 0x00000000ed100000| Complete 
| 210|0x00000000ed200000, 0x00000000ed300000, 0x00000000ed300000|100%| E|CS|TAMS 0x00000000ed200000, 0x00000000ed200000| Complete 
| 211|0x00000000ed300000, 0x00000000ed400000, 0x00000000ed400000|100%| E|CS|TAMS 0x00000000ed300000, 0x00000000ed300000| Complete 
| 212|0x00000000ed400000, 0x00000000ed500000, 0x00000000ed500000|100%| E|CS|TAMS 0x00000000ed400000, 0x00000000ed400000| Complete 
| 213|0x00000000ed500000, 0x00000000ed600000, 0x00000000ed600000|100%| E|CS|TAMS 0x00000000ed500000, 0x00000000ed500000| Complete 
| 214|0x00000000ed600000, 0x00000000ed700000, 0x00000000ed700000|100%| E|CS|TAMS 0x00000000ed600000, 0x00000000ed600000| Complete 
| 215|0x00000000ed700000, 0x00000000ed800000, 0x00000000ed800000|100%| E|CS|TAMS 0x00000000ed700000, 0x00000000ed700000| Complete 
| 216|0x00000000ed800000, 0x00000000ed900000, 0x00000000ed900000|100%| E|CS|TAMS 0x00000000ed800000, 0x00000000ed800000| Complete 
| 217|0x00000000ed900000, 0x00000000eda00000, 0x00000000eda00000|100%| E|CS|TAMS 0x00000000ed900000, 0x00000000ed900000| Complete 
| 218|0x00000000eda00000, 0x00000000edb00000, 0x00000000edb00000|100%| E|CS|TAMS 0x00000000eda00000, 0x00000000eda00000| Complete 
| 219|0x00000000edb00000, 0x00000000edc00000, 0x00000000edc00000|100%| E|CS|TAMS 0x00000000edb00000, 0x00000000edb00000| Complete 
| 220|0x00000000edc00000, 0x00000000edd00000, 0x00000000edd00000|100%| E|CS|TAMS 0x00000000edc00000, 0x00000000edc00000| Complete 
| 221|0x00000000edd00000, 0x00000000ede00000, 0x00000000ede00000|100%| E|CS|TAMS 0x00000000edd00000, 0x00000000edd00000| Complete 
| 222|0x00000000ede00000, 0x00000000edf00000, 0x00000000edf00000|100%| E|CS|TAMS 0x00000000ede00000, 0x00000000ede00000| Complete 
| 223|0x00000000edf00000, 0x00000000ee000000, 0x00000000ee000000|100%| E|CS|TAMS 0x00000000edf00000, 0x00000000edf00000| Complete 
| 224|0x00000000ee000000, 0x00000000ee100000, 0x00000000ee100000|100%| E|CS|TAMS 0x00000000ee000000, 0x00000000ee000000| Complete 
| 225|0x00000000ee100000, 0x00000000ee200000, 0x00000000ee200000|100%| E|CS|TAMS 0x00000000ee100000, 0x00000000ee100000| Complete 
| 226|0x00000000ee200000, 0x00000000ee300000, 0x00000000ee300000|100%| E|CS|TAMS 0x00000000ee200000, 0x00000000ee200000| Complete 
| 227|0x00000000ee300000, 0x00000000ee400000, 0x00000000ee400000|100%| E|CS|TAMS 0x00000000ee300000, 0x00000000ee300000| Complete 
| 228|0x00000000ee400000, 0x00000000ee500000, 0x00000000ee500000|100%| E|CS|TAMS 0x00000000ee400000, 0x00000000ee400000| Complete 
| 229|0x00000000ee500000, 0x00000000ee600000, 0x00000000ee600000|100%| E|CS|TAMS 0x00000000ee500000, 0x00000000ee500000| Complete 
| 230|0x00000000ee600000, 0x00000000ee700000, 0x00000000ee700000|100%| E|CS|TAMS 0x00000000ee600000, 0x00000000ee600000| Complete 
| 231|0x00000000ee700000, 0x00000000ee800000, 0x00000000ee800000|100%| E|CS|TAMS 0x00000000ee700000, 0x00000000ee700000| Complete 
| 232|0x00000000ee800000, 0x00000000ee900000, 0x00000000ee900000|100%| E|CS|TAMS 0x00000000ee800000, 0x00000000ee800000| Complete 
| 233|0x00000000ee900000, 0x00000000eea00000, 0x00000000eea00000|100%| E|CS|TAMS 0x00000000ee900000, 0x00000000ee900000| Complete 
| 234|0x00000000eea00000, 0x00000000eeb00000, 0x00000000eeb00000|100%| E|CS|TAMS 0x00000000eea00000, 0x00000000eea00000| Complete 
| 235|0x00000000eeb00000, 0x00000000eec00000, 0x00000000eec00000|100%| E|CS|TAMS 0x00000000eeb00000, 0x00000000eeb00000| Complete 
| 236|0x00000000eec00000, 0x00000000eed00000, 0x00000000eed00000|100%| E|CS|TAMS 0x00000000eec00000, 0x00000000eec00000| Complete 
| 237|0x00000000eed00000, 0x00000000eee00000, 0x00000000eee00000|100%| E|CS|TAMS 0x00000000eed00000, 0x00000000eed00000| Complete 
| 238|0x00000000eee00000, 0x00000000eef00000, 0x00000000eef00000|100%| E|CS|TAMS 0x00000000eee00000, 0x00000000eee00000| Complete 
| 239|0x00000000eef00000, 0x00000000ef000000, 0x00000000ef000000|100%| E|CS|TAMS 0x00000000eef00000, 0x00000000eef00000| Complete 
| 240|0x00000000ef000000, 0x00000000ef100000, 0x00000000ef100000|100%| E|CS|TAMS 0x00000000ef000000, 0x00000000ef000000| Complete 
| 241|0x00000000ef100000, 0x00000000ef200000, 0x00000000ef200000|100%| E|CS|TAMS 0x00000000ef100000, 0x00000000ef100000| Complete 
| 242|0x00000000ef200000, 0x00000000ef300000, 0x00000000ef300000|100%| E|CS|TAMS 0x00000000ef200000, 0x00000000ef200000| Complete 
| 243|0x00000000ef300000, 0x00000000ef400000, 0x00000000ef400000|100%| E|CS|TAMS 0x00000000ef300000, 0x00000000ef300000| Complete 
| 244|0x00000000ef400000, 0x00000000ef500000, 0x00000000ef500000|100%| E|CS|TAMS 0x00000000ef400000, 0x00000000ef400000| Complete 
| 245|0x00000000ef500000, 0x00000000ef600000, 0x00000000ef600000|100%| E|CS|TAMS 0x00000000ef500000, 0x00000000ef500000| Complete 
| 246|0x00000000ef600000, 0x00000000ef700000, 0x00000000ef700000|100%| E|CS|TAMS 0x00000000ef600000, 0x00000000ef600000| Complete 
| 247|0x00000000ef700000, 0x00000000ef800000, 0x00000000ef800000|100%| E|CS|TAMS 0x00000000ef700000, 0x00000000ef700000| Complete 
| 248|0x00000000ef800000, 0x00000000ef900000, 0x00000000ef900000|100%| E|CS|TAMS 0x00000000ef800000, 0x00000000ef800000| Complete 
| 249|0x00000000ef900000, 0x00000000efa00000, 0x00000000efa00000|100%| E|CS|TAMS 0x00000000ef900000, 0x00000000ef900000| Complete 
| 250|0x00000000efa00000, 0x00000000efb00000, 0x00000000efb00000|100%| E|CS|TAMS 0x00000000efa00000, 0x00000000efa00000| Complete 
| 251|0x00000000efb00000, 0x00000000efc00000, 0x00000000efc00000|100%| E|CS|TAMS 0x00000000efb00000, 0x00000000efb00000| Complete 
| 252|0x00000000efc00000, 0x00000000efd00000, 0x00000000efd00000|100%| E|CS|TAMS 0x00000000efc00000, 0x00000000efc00000| Complete 
| 253|0x00000000efd00000, 0x00000000efe00000, 0x00000000efe00000|100%| S|CS|TAMS 0x00000000efd00000, 0x00000000efd00000| Complete 
| 254|0x00000000efe00000, 0x00000000eff00000, 0x00000000eff00000|100%| S|CS|TAMS 0x00000000efe00000, 0x00000000efe00000| Complete 
| 255|0x00000000eff00000, 0x00000000f0000000, 0x00000000f0000000|100%| E|CS|TAMS 0x00000000eff00000, 0x00000000eff00000| Complete 

Card table byte_map: [0x000001e8ab770000,0x000001e8ab870000] _byte_map_base: 0x000001e8ab070000

Marking Bits (Prev, Next): (CMBitMap*) 0x000001e894833850, (CMBitMap*) 0x000001e894833810
 Prev Bits: [0x000001e8ac170000, 0x000001e8ac970000)
 Next Bits: [0x000001e8ab970000, 0x000001e8ac170000)

Polling page: 0x000001e893fd0000

Metaspace:

Usage:
  Non-class:     55.03 MB used.
      Class:      8.60 MB used.
       Both:     63.63 MB used.

Virtual space:
  Non-class space:       64.00 MB reserved,      55.94 MB ( 87%) committed,  1 nodes.
      Class space:      308.00 MB reserved,       9.62 MB (  3%) committed,  1 nodes.
             Both:      372.00 MB reserved,      65.56 MB ( 18%) committed. 

Chunk freelists:
   Non-Class:  3.36 MB
       Class:  2.25 MB
        Both:  5.61 MB

MaxMetaspaceSize: 384.00 MB
CompressedClassSpaceSize: 308.00 MB
Initial GC threshold: 21.00 MB
Current GC threshold: 99.62 MB
CDS: on
MetaspaceReclaimPolicy: balanced
 - commit_granule_bytes: 65536.
 - commit_granule_words: 8192.
 - virtual_space_node_default_size: 8388608.
 - enlarge_chunks_in_place: 1.
 - new_chunks_are_fully_committed: 0.
 - uncommit_free_chunks: 1.
 - use_allocation_guard: 0.


Internal statistics:

num_allocs_failed_limit: 12.
num_arena_births: 3586.
num_arena_deaths: 0.
num_vsnodes_births: 2.
num_vsnodes_deaths: 0.
num_space_committed: 1049.
num_space_uncommitted: 0.
num_chunks_returned_to_freelist: 12.
num_chunks_taken_from_freelist: 6700.
num_chunk_merges: 12.
num_chunk_splits: 4222.
num_chunks_enlarged: 2400.
num_inconsistent_stats: 0.

CodeHeap 'non-profiled nmethods': size=120000Kb used=5195Kb max_used=5385Kb free=114804Kb
 bounds [0x000001e8a4240000, 0x000001e8a4790000, 0x000001e8ab770000]
CodeHeap 'profiled nmethods': size=120000Kb used=17099Kb max_used=18454Kb free=102900Kb
 bounds [0x000001e89c770000, 0x000001e89d980000, 0x000001e8a3ca0000]
CodeHeap 'non-nmethods': size=5760Kb used=2479Kb max_used=2568Kb free=3281Kb
 bounds [0x000001e8a3ca0000, 0x000001e8a3f30000, 0x000001e8a4240000]
 total_blobs=9994 nmethods=9074 adapters=828
 compilation: enabled
              stopped_count=0, restarted_count=0
 full_count=0

Compilation events (20 events):
Event: 3881.131 Thread 0x000001e8b3021880 10683       3       org.gradle.internal.logging.events.StyledTextOutputEvent::withLogLevel (25 bytes)
Event: 3881.134 Thread 0x000001e8b3021880 nmethod 10683 0x000001e89cdd3910 code [0x000001e89cdd3ac0, 0x000001e89cdd3e48]
Event: 3881.134 Thread 0x000001e8b3021880 10684       3       org.gradle.internal.logging.sink.ProgressLogEventGenerator::doOutput (52 bytes)
Event: 3881.136 Thread 0x000001e8aef89b10 nmethod 10682 0x000001e8a426be90 code [0x000001e8a426c020, 0x000001e8a426c178]
Event: 3881.137 Thread 0x000001e8b3021880 nmethod 10684 0x000001e89d0be390 code [0x000001e89d0be5a0, 0x000001e89d0bec78]
Event: 3881.220 Thread 0x000001e8aef89b10 10685       4       java.lang.invoke.LambdaForm$MH/0x0000000801141000::invoke (64 bytes)
Event: 3881.225 Thread 0x000001e8aef89b10 nmethod 10685 0x000001e8a426b910 code [0x000001e8a426baa0, 0x000001e8a426bc38]
Event: 3891.446 Thread 0x000001e8aef89b10 10686       4       java.nio.ByteBuffer::clear (7 bytes)
Event: 3891.448 Thread 0x000001e8aef89b10 nmethod 10686 0x000001e8a45cac10 code [0x000001e8a45cad80, 0x000001e8a45cae18]
Event: 3891.450 Thread 0x000001e8aef89b10 10687       4       org.gradle.internal.time.MonotonicClock::getCurrentTime (70 bytes)
Event: 3891.460 Thread 0x000001e8aef89b10 nmethod 10687 0x000001e8a426af90 code [0x000001e8a426b160, 0x000001e8a426b518]
Event: 3891.460 Thread 0x000001e8aef89b10 10688       4       java.util.concurrent.ConcurrentLinkedQueue::offer (120 bytes)
Event: 3891.483 Thread 0x000001e8aef89b10 nmethod 10688 0x000001e8a426a810 code [0x000001e8a426a9a0, 0x000001e8a426adb8]
Event: 3891.489 Thread 0x000001e8aef89b10 10689       4       org.gradle.internal.io.StreamByteBuffer::prepareRead (102 bytes)
Event: 3891.502 Thread 0x000001e8aef89b10 nmethod 10689 0x000001e8a4484a90 code [0x000001e8a4484c20, 0x000001e8a4484f68]
Event: 3891.502 Thread 0x000001e8aef89b10 10690       4       org.gradle.internal.logging.text.AbstractLineChoppingStyledTextOutput::doAppend (43 bytes)
Event: 3891.881 Thread 0x000001e8aef89b10 nmethod 10690 0x000001e8a46f7490 code [0x000001e8a46f7a60, 0x000001e8a46fc888]
Event: 3891.882 Thread 0x000001e8aef89b10 10691       4       com.esotericsoftware.kryo.io.Output::writeUtf8Length (405 bytes)
Event: 3891.906 Thread 0x000001e8aef89b10 nmethod 10691 0x000001e8a4483f90 code [0x000001e8a4484140, 0x000001e8a44847d8]
Event: 3895.533 Thread 0x000001e8aef89b10 10692 % !   4       org.gradle.launcher.daemon.server.exec.LogToClient$AsynchronousLogDispatcher::run @ 0 (62 bytes)

GC Heap History (20 events):
Event: 3.679 GC heap before
{Heap before GC invocations=2 (full 0):
 garbage-first heap   total 262144K, used 34373K [0x00000000e0000000, 0x0000000100000000)
  region size 1024K, 26 young (26624K), 3 survivors (3072K)
 Metaspace       used 4181K, committed 4352K, reserved 380928K
  class space    used 487K, committed 576K, reserved 315392K
}
Event: 3.684 GC heap after
{Heap after GC invocations=3 (full 0):
 garbage-first heap   total 262144K, used 13453K [0x00000000e0000000, 0x0000000100000000)
  region size 1024K, 3 young (3072K), 3 survivors (3072K)
 Metaspace       used 4181K, committed 4352K, reserved 380928K
  class space    used 487K, committed 576K, reserved 315392K
}
Event: 8.897 GC heap before
{Heap before GC invocations=3 (full 0):
 garbage-first heap   total 262144K, used 114829K [0x00000000e0000000, 0x0000000100000000)
  region size 1024K, 104 young (106496K), 3 survivors (3072K)
 Metaspace       used 20871K, committed 21504K, reserved 380928K
  class space    used 3011K, committed 3328K, reserved 315392K
}
Event: 8.915 GC heap after
{Heap after GC invocations=4 (full 0):
 garbage-first heap   total 262144K, used 22802K [0x00000000e0000000, 0x0000000100000000)
  region size 1024K, 12 young (12288K), 12 survivors (12288K)
 Metaspace       used 20871K, committed 21504K, reserved 380928K
  class space    used 3011K, committed 3328K, reserved 315392K
}
Event: 12.098 GC heap before
{Heap before GC invocations=5 (full 0):
 garbage-first heap   total 262144K, used 130322K [0x00000000e0000000, 0x0000000100000000)
  region size 1024K, 114 young (116736K), 12 survivors (12288K)
 Metaspace       used 34895K, committed 36096K, reserved 380928K
  class space    used 4757K, committed 5376K, reserved 315392K
}
Event: 12.124 GC heap after
{Heap after GC invocations=6 (full 0):
 garbage-first heap   total 262144K, used 30957K [0x00000000e0000000, 0x0000000100000000)
  region size 1024K, 9 young (9216K), 9 survivors (9216K)
 Metaspace       used 34895K, committed 36096K, reserved 380928K
  class space    used 4757K, committed 5376K, reserved 315392K
}
Event: 12.224 GC heap before
{Heap before GC invocations=6 (full 0):
 garbage-first heap   total 262144K, used 34029K [0x00000000e0000000, 0x0000000100000000)
  region size 1024K, 12 young (12288K), 9 survivors (9216K)
 Metaspace       used 35090K, committed 36352K, reserved 380928K
  class space    used 4777K, committed 5440K, reserved 315392K
}
Event: 12.244 GC heap after
{Heap after GC invocations=7 (full 0):
 garbage-first heap   total 262144K, used 31063K [0x00000000e0000000, 0x0000000100000000)
  region size 1024K, 2 young (2048K), 2 survivors (2048K)
 Metaspace       used 35090K, committed 36352K, reserved 380928K
  class space    used 4777K, committed 5440K, reserved 315392K
}
Event: 12.331 GC heap before
{Heap before GC invocations=7 (full 0):
 garbage-first heap   total 262144K, used 33111K [0x00000000e0000000, 0x0000000100000000)
  region size 1024K, 5 young (5120K), 2 survivors (2048K)
 Metaspace       used 35222K, committed 36416K, reserved 380928K
  class space    used 4795K, committed 5440K, reserved 315392K
}
Event: 12.333 GC heap after
{Heap after GC invocations=8 (full 0):
 garbage-first heap   total 262144K, used 30566K [0x00000000e0000000, 0x0000000100000000)
  region size 1024K, 1 young (1024K), 1 survivors (1024K)
 Metaspace       used 35222K, committed 36416K, reserved 380928K
  class space    used 4795K, committed 5440K, reserved 315392K
}
Event: 17.558 GC heap before
{Heap before GC invocations=9 (full 0):
 garbage-first heap   total 262144K, used 186214K [0x00000000e0000000, 0x0000000100000000)
  region size 1024K, 152 young (155648K), 1 survivors (1024K)
 Metaspace       used 56480K, committed 58176K, reserved 380928K
  class space    used 7747K, committed 8640K, reserved 315392K
}
Event: 17.581 GC heap after
{Heap after GC invocations=10 (full 0):
 garbage-first heap   total 262144K, used 41889K [0x00000000e0000000, 0x0000000100000000)
  region size 1024K, 12 young (12288K), 12 survivors (12288K)
 Metaspace       used 56480K, committed 58176K, reserved 380928K
  class space    used 7747K, committed 8640K, reserved 315392K
}
Event: 17.604 GC heap before
{Heap before GC invocations=10 (full 0):
 garbage-first heap   total 262144K, used 42913K [0x00000000e0000000, 0x0000000100000000)
  region size 1024K, 13 young (13312K), 12 survivors (12288K)
 Metaspace       used 56483K, committed 58176K, reserved 380928K
  class space    used 7747K, committed 8640K, reserved 315392K
}
Event: 17.623 GC heap after
{Heap after GC invocations=11 (full 0):
 garbage-first heap   total 262144K, used 42738K [0x00000000e0000000, 0x0000000100000000)
  region size 1024K, 2 young (2048K), 2 survivors (2048K)
 Metaspace       used 56483K, committed 58176K, reserved 380928K
  class space    used 7747K, committed 8640K, reserved 315392K
}
Event: 20.027 GC heap before
{Heap before GC invocations=11 (full 0):
 garbage-first heap   total 262144K, used 102130K [0x00000000e0000000, 0x0000000100000000)
  region size 1024K, 62 young (63488K), 2 survivors (2048K)
 Metaspace       used 59299K, committed 61120K, reserved 380928K
  class space    used 8190K, committed 9152K, reserved 315392K
}
Event: 20.042 GC heap after
{Heap after GC invocations=12 (full 0):
 garbage-first heap   total 262144K, used 47545K [0x00000000e0000000, 0x0000000100000000)
  region size 1024K, 7 young (7168K), 7 survivors (7168K)
 Metaspace       used 59299K, committed 61120K, reserved 380928K
  class space    used 8190K, committed 9152K, reserved 315392K
}
Event: 24.355 GC heap before
{Heap before GC invocations=13 (full 0):
 garbage-first heap   total 262144K, used 191929K [0x00000000e0000000, 0x0000000100000000)
  region size 1024K, 149 young (152576K), 7 survivors (7168K)
 Metaspace       used 63444K, committed 65344K, reserved 380928K
  class space    used 8634K, committed 9600K, reserved 315392K
}
Event: 24.377 GC heap after
{Heap after GC invocations=14 (full 0):
 garbage-first heap   total 262144K, used 56140K [0x00000000e0000000, 0x0000000100000000)
  region size 1024K, 15 young (15360K), 15 survivors (15360K)
 Metaspace       used 63444K, committed 65344K, reserved 380928K
  class space    used 8634K, committed 9600K, reserved 315392K
}
Event: 24.396 GC heap before
{Heap before GC invocations=14 (full 0):
 garbage-first heap   total 262144K, used 57164K [0x00000000e0000000, 0x0000000100000000)
  region size 1024K, 16 young (16384K), 15 survivors (15360K)
 Metaspace       used 63457K, committed 65344K, reserved 380928K
  class space    used 8634K, committed 9600K, reserved 315392K
}
Event: 24.427 GC heap after
{Heap after GC invocations=15 (full 0):
 garbage-first heap   total 262144K, used 57323K [0x00000000e0000000, 0x0000000100000000)
  region size 1024K, 2 young (2048K), 2 survivors (2048K)
 Metaspace       used 63457K, committed 65344K, reserved 380928K
  class space    used 8634K, committed 9600K, reserved 315392K
}

Dll operation events (15 events):
Event: 0.034 Loaded shared library C:\Program Files\Java\jdk-19\bin\java.dll
Event: 0.220 Loaded shared library C:\Program Files\Java\jdk-19\bin\jsvml.dll
Event: 0.782 Loaded shared library C:\Program Files\Java\jdk-19\bin\zip.dll
Event: 0.793 Loaded shared library C:\Program Files\Java\jdk-19\bin\instrument.dll
Event: 0.803 Loaded shared library C:\Program Files\Java\jdk-19\bin\net.dll
Event: 0.809 Loaded shared library C:\Program Files\Java\jdk-19\bin\nio.dll
Event: 0.824 Loaded shared library C:\Program Files\Java\jdk-19\bin\zip.dll
Event: 1.343 Loaded shared library C:\Program Files\Java\jdk-19\bin\jimage.dll
Event: 1.504 Loaded shared library C:\Program Files\Java\jdk-19\bin\verify.dll
Event: 1.986 Loaded shared library C:\Users\user\.gradle\native\68d5fa5c4cc2d200863cafc0d521ce42e7d3e7ee720ec0a83991735586a16f82\windows-amd64\native-platform.dll
Event: 2.017 Loaded shared library C:\Users\user\.gradle\native\e376f236ea51e6404a007f0833ffe2c6e607c4080706a723a18a27aeea778392\windows-amd64\native-platform-file-events.dll
Event: 4.333 Loaded shared library C:\Program Files\Java\jdk-19\bin\management.dll
Event: 4.340 Loaded shared library C:\Program Files\Java\jdk-19\bin\management_ext.dll
Event: 4.963 Loaded shared library C:\Program Files\Java\jdk-19\bin\extnet.dll
Event: 6.197 Loaded shared library C:\Program Files\Java\jdk-19\bin\sunmscapi.dll

Deoptimization events (20 events):
Event: 309.663 Thread 0x000001e8b64cd220 Uncommon trap: trap_request=0xffffff45 fr.pc=0x000001e8a425d9f0 relative=0x0000000000000250
Event: 309.663 Thread 0x000001e8b64cd220 Uncommon trap: reason=unstable_if action=reinterpret pc=0x000001e8a425d9f0 method=java.lang.String.getChars(II[CI)V @ 23 c2
Event: 309.663 Thread 0x000001e8b64cd220 DEOPT PACKING pc=0x000001e8a425d9f0 sp=0x0000001a248fd8f0
Event: 309.663 Thread 0x000001e8b64cd220 DEOPT UNPACKING pc=0x000001e8a3d06da3 sp=0x0000001a248fd888 mode 2
Event: 309.663 Thread 0x000001e8b64cd220 Uncommon trap: trap_request=0xffffff45 fr.pc=0x000001e8a4315070 relative=0x0000000000000250
Event: 309.663 Thread 0x000001e8b64cd220 Uncommon trap: reason=unstable_if action=reinterpret pc=0x000001e8a4315070 method=java.lang.StringCoding.implEncodeAsciiArray([CI[BII)I @ 23 c2
Event: 309.663 Thread 0x000001e8b64cd220 DEOPT PACKING pc=0x000001e8a4315070 sp=0x0000001a248fd3e0
Event: 309.663 Thread 0x000001e8b64cd220 DEOPT UNPACKING pc=0x000001e8a3d06da3 sp=0x0000001a248fd360 mode 2
Event: 309.675 Thread 0x000001e8b4719050 Uncommon trap: trap_request=0xffffff45 fr.pc=0x000001e8a462cf7c relative=0x000000000000021c
Event: 309.675 Thread 0x000001e8b4719050 Uncommon trap: reason=unstable_if action=reinterpret pc=0x000001e8a462cf7c method=com.esotericsoftware.kryo.io.Output.writeString(Ljava/lang/CharSequence;)V @ 83 c2
Event: 309.675 Thread 0x000001e8b4719050 DEOPT PACKING pc=0x000001e8a462cf7c sp=0x0000001a200feae0
Event: 309.675 Thread 0x000001e8b4719050 DEOPT UNPACKING pc=0x000001e8a3d06da3 sp=0x0000001a200fea60 mode 2
Event: 1843.626 Thread 0x000001e8b4719050 DEOPT PACKING pc=0x000001e89caa4a22 sp=0x0000001a200ff220
Event: 1843.626 Thread 0x000001e8b4719050 DEOPT UNPACKING pc=0x000001e8a3d07543 sp=0x0000001a200fe738 mode 0
Event: 1853.540 Thread 0x000001e8b471bad0 DEOPT PACKING pc=0x000001e89d50687b sp=0x0000001a202ff130
Event: 1853.540 Thread 0x000001e8b471bad0 DEOPT UNPACKING pc=0x000001e8a3d07543 sp=0x0000001a202fe638 mode 0
Event: 3881.170 Thread 0x000001e8b4719050 Uncommon trap: trap_request=0xffffff54 fr.pc=0x000001e8a456392c relative=0x00000000000005cc
Event: 3881.171 Thread 0x000001e8b4719050 Uncommon trap: reason=speculate_null_assert action=make_not_entrant pc=0x000001e8a456392c method=org.gradle.launcher.daemon.server.exec.LogToClient$AsynchronousLogDispatcher.run()V @ 21 c2
Event: 3881.172 Thread 0x000001e8b4719050 DEOPT PACKING pc=0x000001e8a456392c sp=0x0000001a200ff270
Event: 3881.173 Thread 0x000001e8b4719050 DEOPT UNPACKING pc=0x000001e8a3d06da3 sp=0x0000001a200ff240 mode 2

Classes loaded (20 events):
Event: 20.607 Loading class java/util/stream/ReduceOps$5ReducingSink
Event: 20.608 Loading class java/util/stream/ReduceOps$5ReducingSink done
Event: 20.608 Loading class java/util/stream/ReferencePipeline$4$1
Event: 20.608 Loading class java/util/stream/ReferencePipeline$4$1 done
Event: 21.087 Loading class java/util/Stack
Event: 21.087 Loading class java/util/Stack done
Event: 21.125 Loading class java/text/MessageFormat
Event: 21.125 Loading class java/text/MessageFormat done
Event: 24.435 Loading class sun/nio/cs/ISO_8859_1$Decoder
Event: 24.436 Loading class sun/nio/cs/ISO_8859_1$Decoder done
Event: 26.165 Loading class java/util/stream/ReduceOps$2
Event: 26.165 Loading class java/util/stream/ReduceOps$2 done
Event: 26.165 Loading class java/util/stream/ReduceOps$2ReducingSink
Event: 26.165 Loading class java/util/stream/ReduceOps$2ReducingSink done
Event: 50.015 Loading class java/time/Instant$1
Event: 50.015 Loading class java/time/Instant$1 done
Event: 309.209 Loading class java/lang/foreign/MemorySegment
Event: 309.246 Loading class java/lang/foreign/Addressable
Event: 309.266 Loading class java/lang/foreign/Addressable done
Event: 309.267 Loading class java/lang/foreign/MemorySegment done

Classes unloaded (0 events):
No events

Classes redefined (0 events):
No events

Internal exceptions (20 events):
Event: 19.986 Thread 0x000001e8aef837a0 Implicit null exception at 0x000001e8a44b2615 to 0x000001e8a44b26bc
Event: 19.986 Thread 0x000001e8aef837a0 Implicit null exception at 0x000001e8a4483c32 to 0x000001e8a4484448
Event: 20.340 Thread 0x000001e8b5181580 Exception <a 'java/lang/NoSuchMethodError'{0x00000000efd08130}: 'java.lang.Object java.lang.invoke.DirectMethodHandle$Holder.newInvokeSpecial(java.lang.Object, java.lang.Object, java.lang.Object, java.lang.Object, int, java.lang.Object)'> (0x00000000efd08130) 
thrown [s\open\src\hotspot\share\interpreter\linkResolver.cpp, line 774]
Event: 20.340 Thread 0x000001e8b5181580 Exception <a 'java/lang/NoSuchMethodError'{0x00000000efd0c3d0}: 'java.lang.Object java.lang.invoke.Invokers$Holder.linkToTargetMethod(java.lang.Object, java.lang.Object, java.lang.Object, int, java.lang.Object, java.lang.Object)'> (0x00000000efd0c3d0) 
thrown [s\open\src\hotspot\share\interpreter\linkResolver.cpp, line 774]
Event: 20.526 Thread 0x000001e8b5180ae0 Exception <a 'java/lang/IncompatibleClassChangeError'{0x00000000efadf518}: Found class java.lang.Object, but interface was expected> (0x00000000efadf518) 
thrown [s\open\src\hotspot\share\interpreter\linkResolver.cpp, line 841]
Event: 20.530 Thread 0x000001e8b471bad0 Exception <a 'java/lang/NoSuchMethodError'{0x00000000efac85a8}: static Lorg/gradle/internal/build/event/types/DefaultTaskStartedProgressEvent;.<clinit>()V> (0x00000000efac85a8) 
thrown [s\open\src\hotspot\share\prims\jni.cpp, line 1107]
Event: 20.531 Thread 0x000001e8b471bad0 Exception <a 'java/lang/NoSuchMethodError'{0x00000000ef943ae0}: static Lorg/gradle/internal/build/event/types/AbstractProgressEvent;.<clinit>()V> (0x00000000ef943ae0) 
thrown [s\open\src\hotspot\share\prims\jni.cpp, line 1107]
Event: 20.534 Thread 0x000001e8b471bad0 Exception <a 'java/lang/NoSuchMethodError'{0x00000000ef94e498}: static Lorg/gradle/internal/build/event/types/DefaultTaskDescriptor;.<clinit>()V> (0x00000000ef94e498) 
thrown [s\open\src\hotspot\share\prims\jni.cpp, line 1107]
Event: 20.536 Thread 0x000001e8b471bad0 Exception <a 'java/lang/NoSuchMethodError'{0x00000000ef9543c8}: 'long java.lang.invoke.DirectMethodHandle$Holder.invokeSpecial(java.lang.Object, java.lang.Object)'> (0x00000000ef9543c8) 
thrown [s\open\src\hotspot\share\interpreter\linkResolver.cpp, line 774]
Event: 20.536 Thread 0x000001e8b471bad0 Exception <a 'java/lang/NoSuchMethodError'{0x00000000ef957a78}: 'long java.lang.invoke.Invokers$Holder.invokeExact_MT(java.lang.Object, java.lang.Object)'> (0x00000000ef957a78) 
thrown [s\open\src\hotspot\share\interpreter\linkResolver.cpp, line 774]
Event: 20.543 Thread 0x000001e8b471bad0 Exception <a 'java/lang/NoSuchMethodError'{0x00000000ef9bd830}: static Lorg/gradle/internal/operations/OperationIdentifier;.<clinit>()V> (0x00000000ef9bd830) 
thrown [s\open\src\hotspot\share\prims\jni.cpp, line 1107]
Event: 20.546 Thread 0x000001e8b471bad0 Exception <a 'java/lang/NoSuchMethodError'{0x00000000ef9c7430}: static Lorg/gradle/internal/build/event/types/DefaultBinaryPluginIdentifier;.<clinit>()V> (0x00000000ef9c7430) 
thrown [s\open\src\hotspot\share\prims\jni.cpp, line 1107]
Event: 20.911 Thread 0x000001e8b5180ae0 Exception <a 'java/lang/IncompatibleClassChangeError'{0x00000000ef4ddc68}: Found class java.lang.Object, but interface was expected> (0x00000000ef4ddc68) 
thrown [s\open\src\hotspot\share\interpreter\linkResolver.cpp, line 841]
Event: 20.914 Thread 0x000001e8b5180ae0 Exception <a 'java/lang/NoSuchMethodError'{0x00000000ef4f28a0}: static Ljava/lang/Object;.<clinit>()V> (0x00000000ef4f28a0) 
thrown [s\open\src\hotspot\share\prims\jni.cpp, line 1107]
Event: 21.255 Thread 0x000001e8b5180ae0 Exception <a 'java/lang/NoSuchMethodError'{0x00000000ee87f188}: 'void java.lang.invoke.Invokers$Holder.invokeExact_MT(java.lang.Object, java.lang.Object, java.lang.Object, java.lang.Object)'> (0x00000000ee87f188) 
thrown [s\open\src\hotspot\share\interpreter\linkResolver.cpp, line 774]
Event: 25.668 Thread 0x000001e8b5180ae0 Exception <a 'java/lang/NoSuchMethodError'{0x00000000ec3eeed8}: 'int java.lang.invoke.DirectMethodHandle$Holder.invokeStaticInit(java.lang.Object, java.lang.Object, java.lang.Object, java.lang.Object, java.lang.Object)'> (0x00000000ec3eeed8) 
thrown [s\open\src\hotspot\share\interpreter\linkResolver.cpp, line 774]
Event: 25.724 Thread 0x000001e8b471bad0 Exception <a 'java/lang/NoSuchMethodError'{0x00000000ec1077e8}: static Lorg/gradle/internal/build/event/types/DefaultTaskFinishedProgressEvent;.<clinit>()V> (0x00000000ec1077e8) 
thrown [s\open\src\hotspot\share\prims\jni.cpp, line 1107]
Event: 25.730 Thread 0x000001e8b471bad0 Exception <a 'java/lang/NoSuchMethodError'{0x00000000ec1534b8}: static Lorg/gradle/internal/build/event/types/DefaultTaskSuccessResult;.<clinit>()V> (0x00000000ec1534b8) 
thrown [s\open\src\hotspot\share\prims\jni.cpp, line 1107]
Event: 25.730 Thread 0x000001e8b471bad0 Exception <a 'java/lang/NoSuchMethodError'{0x00000000ec154730}: static Lorg/gradle/internal/build/event/types/AbstractTaskResult;.<clinit>()V> (0x00000000ec154730) 
thrown [s\open\src\hotspot\share\prims\jni.cpp, line 1107]
Event: 25.730 Thread 0x000001e8b471bad0 Exception <a 'java/lang/NoSuchMethodError'{0x00000000ec155ea8}: static Lorg/gradle/internal/build/event/types/AbstractResult;.<clinit>()V> (0x00000000ec155ea8) 
thrown [s\open\src\hotspot\share\prims\jni.cpp, line 1107]

VM Operations (20 events):
Event: 2576.881 Executing VM operation: Cleanup
Event: 2576.881 Executing VM operation: Cleanup done
Event: 2626.417 Executing VM operation: Cleanup
Event: 2626.417 Executing VM operation: Cleanup done
Event: 2706.235 Executing VM operation: Cleanup
Event: 2706.235 Executing VM operation: Cleanup done
Event: 3216.520 Executing VM operation: Cleanup
Event: 3216.520 Executing VM operation: Cleanup done
Event: 3413.354 Executing VM operation: Cleanup
Event: 3413.354 Executing VM operation: Cleanup done
Event: 3497.008 Executing VM operation: Cleanup
Event: 3497.009 Executing VM operation: Cleanup done
Event: 3502.067 Executing VM operation: Cleanup
Event: 3502.067 Executing VM operation: Cleanup done
Event: 3852.366 Executing VM operation: Cleanup
Event: 3852.367 Executing VM operation: Cleanup done
Event: 3881.621 Executing VM operation: Cleanup
Event: 3881.622 Executing VM operation: Cleanup done
Event: 3891.701 Executing VM operation: Cleanup
Event: 3891.701 Executing VM operation: Cleanup done

Events (20 events):
Event: 309.195 Thread 0x000001e8aef85cd0 flushing nmethod 0x000001e89d462990
Event: 309.195 Thread 0x000001e8aef85cd0 flushing nmethod 0x000001e89d46b490
Event: 309.195 Thread 0x000001e8aef85cd0 flushing nmethod 0x000001e89d46c210
Event: 309.195 Thread 0x000001e8aef85cd0 flushing nmethod 0x000001e89d46cd90
Event: 309.195 Thread 0x000001e8aef85cd0 flushing nmethod 0x000001e89d46e290
Event: 309.195 Thread 0x000001e8aef85cd0 flushing nmethod 0x000001e89d47b690
Event: 309.195 Thread 0x000001e8aef85cd0 flushing nmethod 0x000001e89d489f90
Event: 309.196 Thread 0x000001e8aef85cd0 flushing nmethod 0x000001e89d4b0310
Event: 309.196 Thread 0x000001e8aef85cd0 flushing nmethod 0x000001e89d4b4990
Event: 309.196 Thread 0x000001e8aef85cd0 flushing nmethod 0x000001e89d4b9890
Event: 309.196 Thread 0x000001e8aef85cd0 flushing nmethod 0x000001e89d505e90
Event: 309.196 Thread 0x000001e8aef85cd0 flushing nmethod 0x000001e89d574990
Event: 309.196 Thread 0x000001e8aef85cd0 flushing nmethod 0x000001e89d58dd10
Event: 309.197 Thread 0x000001e8aef85cd0 flushing nmethod 0x000001e89d593790
Event: 309.197 Thread 0x000001e8aef85cd0 flushing nmethod 0x000001e89d5e3710
Event: 309.200 Thread 0x000001e8aef85cd0 flushing nmethod 0x000001e89d737a10
Event: 309.200 Thread 0x000001e8aef85cd0 flushing nmethod 0x000001e89d75c910
Event: 309.201 Thread 0x000001e8aef85cd0 flushing nmethod 0x000001e89d85e810
Event: 309.201 Thread 0x000001e8aef85cd0 flushing nmethod 0x000001e89d863f10
Event: 309.202 Thread 0x000001e8aef85cd0 flushing nmethod 0x000001e89d90f190


Dynamic libraries:
0x00007ff700f70000 - 0x00007ff700f80000 	C:\Program Files\Java\jdk-19\bin\java.exe
0x00007ff8b3290000 - 0x00007ff8b3487000 	C:\WINDOWS\SYSTEM32\ntdll.dll
0x00007ff8b3180000 - 0x00007ff8b323d000 	C:\WINDOWS\System32\KERNEL32.DLL
0x00007ff8b0d80000 - 0x00007ff8b1076000 	C:\WINDOWS\System32\KERNELBASE.dll
0x00007ff8b1080000 - 0x00007ff8b1180000 	C:\WINDOWS\System32\ucrtbase.dll
0x00007ff89d9c0000 - 0x00007ff89d9d8000 	C:\Program Files\Java\jdk-19\bin\jli.dll
0x00007ff8a9a50000 - 0x00007ff8a9a6b000 	C:\Program Files\Java\jdk-19\bin\VCRUNTIME140.dll
0x00007ff8b30d0000 - 0x00007ff8b317e000 	C:\WINDOWS\System32\ADVAPI32.dll
0x00007ff8b1520000 - 0x00007ff8b15be000 	C:\WINDOWS\System32\msvcrt.dll
0x00007ff8b2b00000 - 0x00007ff8b2b9c000 	C:\WINDOWS\System32\sechost.dll
0x00007ff8b1b60000 - 0x00007ff8b1c86000 	C:\WINDOWS\System32\RPCRT4.dll
0x00007ff89b560000 - 0x00007ff89b7fa000 	C:\WINDOWS\WinSxS\amd64_microsoft.windows.common-controls_6595b64144ccf1df_6.0.19041.3570_none_60bb2a3971f3e41a\COMCTL32.dll
0x00007ff8b2950000 - 0x00007ff8b2aee000 	C:\WINDOWS\System32\USER32.dll
0x00007ff8b1220000 - 0x00007ff8b1242000 	C:\WINDOWS\System32\win32u.dll
0x00007ff8b2ba0000 - 0x00007ff8b2bcc000 	C:\WINDOWS\System32\GDI32.dll
0x00007ff8b0c10000 - 0x00007ff8b0d2a000 	C:\WINDOWS\System32\gdi32full.dll
0x00007ff8b1180000 - 0x00007ff8b121d000 	C:\WINDOWS\System32\msvcp_win.dll
0x00007ff8a2a20000 - 0x00007ff8a2a2a000 	C:\WINDOWS\SYSTEM32\VERSION.dll
0x00007ff8b28a0000 - 0x00007ff8b28d0000 	C:\WINDOWS\System32\IMM32.DLL
0x00007ff8a9a20000 - 0x00007ff8a9a2c000 	C:\Program Files\Java\jdk-19\bin\vcruntime140_1.dll
0x00007ff89a050000 - 0x00007ff89a0de000 	C:\Program Files\Java\jdk-19\bin\msvcp140.dll
0x00007ff86b550000 - 0x00007ff86c210000 	C:\Program Files\Java\jdk-19\bin\server\jvm.dll
0x00007ff896ca0000 - 0x00007ff896ca9000 	C:\WINDOWS\SYSTEM32\WSOCK32.dll
0x00007ff8b15c0000 - 0x00007ff8b162b000 	C:\WINDOWS\System32\WS2_32.dll
0x00007ff89a790000 - 0x00007ff89a7b7000 	C:\WINDOWS\SYSTEM32\WINMM.dll
0x00007ff8ae7d0000 - 0x00007ff8ae7e2000 	C:\WINDOWS\SYSTEM32\kernel.appcore.dll
0x00007ff89e7e0000 - 0x00007ff89e7ea000 	C:\Program Files\Java\jdk-19\bin\jimage.dll
0x00007ff8a2830000 - 0x00007ff8a2a14000 	C:\WINDOWS\SYSTEM32\DBGHELP.DLL
0x00007ff8a2240000 - 0x00007ff8a2274000 	C:\WINDOWS\SYSTEM32\dbgcore.DLL
0x00007ff8b0b80000 - 0x00007ff8b0c02000 	C:\WINDOWS\System32\bcryptPrimitives.dll
0x00007ff89e4e0000 - 0x00007ff89e4ee000 	C:\Program Files\Java\jdk-19\bin\instrument.dll
0x00007ff89cb60000 - 0x00007ff89cb86000 	C:\Program Files\Java\jdk-19\bin\java.dll
0x00007ff87efc0000 - 0x00007ff87f097000 	C:\Program Files\Java\jdk-19\bin\jsvml.dll
0x00007ff8b1cf0000 - 0x00007ff8b2434000 	C:\WINDOWS\System32\SHELL32.dll
0x00007ff8ae9d0000 - 0x00007ff8af16b000 	C:\WINDOWS\SYSTEM32\windows.storage.dll
0x00007ff8b2520000 - 0x00007ff8b2874000 	C:\WINDOWS\System32\combase.dll
0x00007ff8b02d0000 - 0x00007ff8b02fd000 	C:\WINDOWS\SYSTEM32\Wldp.dll
0x00007ff8b1360000 - 0x00007ff8b140d000 	C:\WINDOWS\System32\SHCORE.dll
0x00007ff8b1830000 - 0x00007ff8b1885000 	C:\WINDOWS\System32\shlwapi.dll
0x00007ff8b08a0000 - 0x00007ff8b08c5000 	C:\WINDOWS\SYSTEM32\profapi.dll
0x00007ff89d9a0000 - 0x00007ff89d9b8000 	C:\Program Files\Java\jdk-19\bin\zip.dll
0x00007ff89d160000 - 0x00007ff89d173000 	C:\Program Files\Java\jdk-19\bin\net.dll
0x00007ff8a75a0000 - 0x00007ff8a76aa000 	C:\WINDOWS\SYSTEM32\WINHTTP.dll
0x00007ff8b00b0000 - 0x00007ff8b011a000 	C:\WINDOWS\system32\mswsock.dll
0x00007ff89ced0000 - 0x00007ff89cee6000 	C:\Program Files\Java\jdk-19\bin\nio.dll
0x00007ff89d950000 - 0x00007ff89d960000 	C:\Program Files\Java\jdk-19\bin\verify.dll
0x00007ff89d480000 - 0x00007ff89d4a7000 	C:\Users\user\.gradle\native\68d5fa5c4cc2d200863cafc0d521ce42e7d3e7ee720ec0a83991735586a16f82\windows-amd64\native-platform.dll
0x00007ff879fb0000 - 0x00007ff87a0f4000 	C:\Users\user\.gradle\native\e376f236ea51e6404a007f0833ffe2c6e607c4080706a723a18a27aeea778392\windows-amd64\native-platform-file-events.dll
0x00007ff89d800000 - 0x00007ff89d80a000 	C:\Program Files\Java\jdk-19\bin\management.dll
0x00007ff89d430000 - 0x00007ff89d43b000 	C:\Program Files\Java\jdk-19\bin\management_ext.dll
0x00007ff8b1350000 - 0x00007ff8b1358000 	C:\WINDOWS\System32\PSAPI.DLL
0x00007ff8b0310000 - 0x00007ff8b0328000 	C:\WINDOWS\SYSTEM32\CRYPTSP.dll
0x00007ff8af970000 - 0x00007ff8af9a4000 	C:\WINDOWS\system32\rsaenh.dll
0x00007ff8b12c0000 - 0x00007ff8b12e7000 	C:\WINDOWS\System32\bcrypt.dll
0x00007ff8b0820000 - 0x00007ff8b084e000 	C:\WINDOWS\SYSTEM32\USERENV.dll
0x00007ff8b0240000 - 0x00007ff8b024c000 	C:\WINDOWS\SYSTEM32\CRYPTBASE.dll
0x00007ff8afd70000 - 0x00007ff8afdab000 	C:\WINDOWS\SYSTEM32\IPHLPAPI.DLL
0x00007ff8b3240000 - 0x00007ff8b3248000 	C:\WINDOWS\System32\NSI.dll
0x00007ff8a7400000 - 0x00007ff8a7417000 	C:\WINDOWS\SYSTEM32\dhcpcsvc6.DLL
0x00007ff8a71f0000 - 0x00007ff8a720d000 	C:\WINDOWS\SYSTEM32\dhcpcsvc.DLL
0x00007ff8afdc0000 - 0x00007ff8afe8a000 	C:\WINDOWS\SYSTEM32\DNSAPI.dll
0x00007ff89cc30000 - 0x00007ff89cc38000 	C:\Program Files\Java\jdk-19\bin\extnet.dll
0x00007ff89cb50000 - 0x00007ff89cb5e000 	C:\Program Files\Java\jdk-19\bin\sunmscapi.dll
0x00007ff8b0a20000 - 0x00007ff8b0b7d000 	C:\WINDOWS\System32\CRYPT32.dll
0x00007ff8b0420000 - 0x00007ff8b0447000 	C:\WINDOWS\SYSTEM32\ncrypt.dll
0x00007ff8b03e0000 - 0x00007ff8b041b000 	C:\WINDOWS\SYSTEM32\NTASN1.dll
0x00007ff89e670000 - 0x00007ff89e677000 	C:\WINDOWS\system32\wshunix.dll
0x00007ff8a9170000 - 0x00007ff8a917a000 	C:\Windows\System32\rasadhlp.dll
0x00007ff8a7310000 - 0x00007ff8a7392000 	C:\WINDOWS\System32\fwpuclnt.dll

dbghelp: loaded successfully - version: 4.0.5 - missing functions: none
symbol engine: initialized successfully - sym options: 0x614 - pdb path: .;C:\Program Files\Java\jdk-19\bin;C:\WINDOWS\SYSTEM32;C:\WINDOWS\WinSxS\amd64_microsoft.windows.common-controls_6595b64144ccf1df_6.0.19041.3570_none_60bb2a3971f3e41a;C:\Program Files\Java\jdk-19\bin\server;C:\Users\user\.gradle\native\68d5fa5c4cc2d200863cafc0d521ce42e7d3e7ee720ec0a83991735586a16f82\windows-amd64;C:\Users\user\.gradle\native\e376f236ea51e6404a007f0833ffe2c6e607c4080706a723a18a27aeea778392\windows-amd64

VM Arguments:
jvm_args: --add-opens=java.base/java.util=ALL-UNNAMED --add-opens=java.base/java.lang=ALL-UNNAMED --add-opens=java.base/java.lang.invoke=ALL-UNNAMED --add-opens=java.prefs/java.util.prefs=ALL-UNNAMED --add-opens=java.base/java.nio.charset=ALL-UNNAMED --add-opens=java.base/java.net=ALL-UNNAMED --add-opens=java.base/java.util.concurrent.atomic=ALL-UNNAMED -XX:MaxMetaspaceSize=384m -XX:+HeapDumpOnOutOfMemoryError -Xms256m -Xmx512m -Dfile.encoding=x-windows-949 -Duser.country=KR -Duser.language=ko -Duser.variant -javaagent:C:\Users\user\.gradle\wrapper\dists\gradle-8.2.1-bin\5hap6b9n41hkg4jeh2au2pllh\gradle-8.2.1\lib\agents\gradle-instrumentation-agent-8.2.1.jar 
java_command: org.gradle.launcher.daemon.bootstrap.GradleDaemon 8.2.1
java_class_path (initial): C:\Users\user\.gradle\wrapper\dists\gradle-8.2.1-bin\5hap6b9n41hkg4jeh2au2pllh\gradle-8.2.1\lib\gradle-launcher-8.2.1.jar
Launcher Type: SUN_STANDARD

[Global flags]
     intx CICompilerCount                          = 3                                         {product} {ergonomic}
   size_t CompressedClassSpaceSize                 = 322961408                                 {product} {ergonomic}
     uint ConcGCThreads                            = 1                                         {product} {ergonomic}
     uint G1ConcRefinementThreads                  = 4                                         {product} {ergonomic}
   size_t G1HeapRegionSize                         = 1048576                                   {product} {ergonomic}
    uintx GCDrainStackTargetSize                   = 64                                        {product} {ergonomic}
     bool HeapDumpOnOutOfMemoryError               = true                                   {manageable} {command line}
   size_t InitialHeapSize                          = 268435456                                 {product} {command line}
   size_t MarkStackSize                            = 4194304                                   {product} {ergonomic}
   size_t MaxHeapSize                              = 536870912                                 {product} {command line}
   size_t MaxMetaspaceSize                         = 402653184                                 {product} {command line}
   size_t MaxNewSize                               = 321912832                                 {product} {ergonomic}
   size_t MinHeapDeltaBytes                        = 1048576                                   {product} {ergonomic}
   size_t MinHeapSize                              = 268435456                                 {product} {command line}
    uintx NonNMethodCodeHeapSize                   = 5832780                                {pd product} {ergonomic}
    uintx NonProfiledCodeHeapSize                  = 122912730                              {pd product} {ergonomic}
    uintx ProfiledCodeHeapSize                     = 122912730                              {pd product} {ergonomic}
    uintx ReservedCodeCacheSize                    = 251658240                              {pd product} {ergonomic}
     bool SegmentedCodeCache                       = true                                      {product} {ergonomic}
   size_t SoftMaxHeapSize                          = 536870912                              {manageable} {ergonomic}
     bool UseCompressedClassPointers               = true                           {product lp64_product} {ergonomic}
     bool UseCompressedOops                        = true                           {product lp64_product} {ergonomic}
     bool UseG1GC                                  = true                                      {product} {ergonomic}
     bool UseLargePagesIndividualAllocation        = false                                  {pd product} {ergonomic}

Logging:
Log output configuration:
 #0: stdout all=warning uptime,level,tags foldmultilines=false
 #1: stderr all=off uptime,level,tags foldmultilines=false

Environment Variables:
JAVA_HOME=C:\Program Files\Java\jdk-19
PATH=C:\Program Files\Zulu\zulu-8\bin\;C:\Oracle\WINDOWS.X64_193000_db_home\bin;C:\Program Files\Common Files\Oracle\Java\javapath;C:\Program Files\NVIDIA GPU Computing Toolkit\CUDA\v11.7\bin;C:\Program Files\NVIDIA GPU Computing Toolkit\CUDA\v11.7\libnvvp;C:\Program Files (x86)\Intel\Intel(R) Management Engine Components\iCLS\;"C:\Program Files\Intel\Intel(R) Management Engine Components\iCLS\;C:\Windows\system32";C:\Windows;C:\Windows\System32\Wbem;C:\Windows\System32\WindowsPowerShell\v1.0\;C:\Windows\System32\OpenSSH\;C:\Program Files (x86)\Intel\Intel(R) Management Engine Components\DAL;C:\Program Files\Intel\Intel(R) Management Engine Components\DAL;C:\Program Files (x86)\Intel\Intel(R) Management Engine Components\IPT;C:\Program Files\Intel\Intel(R) Management Engine Components\IPT;C:\Program Files (x86)\NVIDIA Corporation\PhysX\Common;C:\WINDOWS\system32;C:\WINDOWS;C:\WINDOWS\System32\Wbem;C:\WINDOWS\System32\WindowsPowerShell\v1.0\;C:\WINDOWS\System32\OpenSSH\;C:\Program Files\Git\cmd;C:\Program Files\Java\jdk-19\bin;C:\maven\apache-maven-3.9.2\bin;C:\Program Files\CMake\bin;C:\Program Files\NVIDIA Corporation\Nsight Compute 2022.2.1\;C:\Program Files\NVIDIA Corporation\NVIDIA NvDLISR;C:\Program Files\Java\jdk-19\bin;C:\Program Files\k6\;C:\Program Files\nodejs\;C:\Users\user\AppData\Local\Microsoft\WindowsApps;C:\Program Files\Bandizip\;C:\Program Files\NVIDIA GPU Computing Toolkit\CUDA\v11.7\bin;C:\Program Files\NVIDIA GPU Computing Toolkit\CUDA\v11.7\lib;C:\Program Files\NVIDIA GPU Computing Toolkit\CUDA\v11.7\include;;C:\Users\user\AppData\Local\Programs\Microsoft VS Code\bin;C:\Users\user\AppData\Roaming\npm
USERNAME=user
OS=Windows_NT
PROCESSOR_IDENTIFIER=Intel64 Family 6 Model 78 Stepping 3, GenuineIntel
TMP=C:\Users\user\AppData\Local\Temp
TEMP=C:\Users\user\AppData\Local\Temp



---------------  S Y S T E M  ---------------

OS:
 Windows 10 , 64 bit Build 19041 (10.0.19041.3570)
OS uptime: 5 days 7:44 hours
Hyper-V role detected

CPU: total 4 (initial active 4) (2 cores per cpu, 2 threads per core) family 6 model 78 stepping 3 microcode 0xcc, cx8, cmov, fxsr, ht, mmx, 3dnowpref, sse, sse2, sse3, ssse3, sse4.1, sse4.2, popcnt, lzcnt, tsc, tscinvbit, avx, avx2, aes, erms, clmul, bmi1, bmi2, adx, fma, vzeroupper, clflush, clflushopt, hv, rdtscp

Memory: 4k page, system-wide physical 8078M (444M free)
TotalPageFile size 32654M (AvailPageFile size 7M)
current process WorkingSet (physical memory assigned to process): 70M, peak: 438M
current process commit charge ("private bytes"): 476M, peak: 509M

vm_info: Java HotSpot(TM) 64-Bit Server VM (19.0.2+7-44) for windows-amd64 JRE (19.0.2+7-44), built on 2022-11-30T18:02:09Z by "mach5one" with MS VC++ 17.1 (VS2022)

END.
